{
  "/Users/Gowa/Code/bored/centenary/cente-leads-dashboard/src/domains/auth/components/LoginForm.tsx": {
    "path": "/Users/Gowa/Code/bored/centenary/cente-leads-dashboard/src/domains/auth/components/LoginForm.tsx",
    "statementMap": {
      "0": { "start": { "line": 6, "column": 2 }, "end": { "line": 6, "column": null } },
      "1": { "start": { "line": 7, "column": 19 }, "end": { "line": 7, "column": null } },
      "2": { "start": { "line": 9, "column": 2 }, "end": { "line": 9, "column": null } },
      "3": { "start": { "line": 12, "column": 26 }, "end": { "line": 12, "column": null } },
      "4": { "start": { "line": 13, "column": 28 }, "end": { "line": 13, "column": null } },
      "5": { "start": { "line": 14, "column": 34 }, "end": { "line": 14, "column": null } },
      "6": { "start": { "line": 15, "column": 26 }, "end": { "line": 15, "column": null } },
      "7": { "start": { "line": 16, "column": 28 }, "end": { "line": 16, "column": null } },
      "8": { "start": { "line": 17, "column": 38 }, "end": { "line": 17, "column": null } },
      "9": { "start": { "line": 20, "column": 4 }, "end": { "line": 20, "column": null } },
      "10": { "start": { "line": 21, "column": 4 }, "end": { "line": 21, "column": null } },
      "11": { "start": { "line": 22, "column": 4 }, "end": { "line": 22, "column": null } },
      "12": { "start": { "line": 23, "column": 4 }, "end": { "line": 41, "column": null } },
      "13": { "start": { "line": 24, "column": 23 }, "end": { "line": 28, "column": null } },
      "14": { "start": { "line": 29, "column": 19 }, "end": { "line": 29, "column": null } },
      "15": { "start": { "line": 30, "column": 6 }, "end": { "line": 33, "column": null } },
      "16": { "start": { "line": 31, "column": 8 }, "end": { "line": 31, "column": null } },
      "17": { "start": { "line": 32, "column": 8 }, "end": { "line": 32, "column": null } },
      "18": { "start": { "line": 34, "column": 6 }, "end": { "line": 38, "column": null } },
      "19": { "start": { "line": 35, "column": 8 }, "end": { "line": 35, "column": null } },
      "20": { "start": { "line": 37, "column": 8 }, "end": { "line": 37, "column": null } },
      "21": { "start": { "line": 40, "column": 6 }, "end": { "line": 40, "column": null } },
      "22": { "start": { "line": 45, "column": 4 }, "end": { "line": 45, "column": null } },
      "23": { "start": { "line": 46, "column": 4 }, "end": { "line": 46, "column": null } },
      "24": { "start": { "line": 46, "column": 29 }, "end": { "line": 46, "column": null } },
      "25": { "start": { "line": 47, "column": 4 }, "end": { "line": 47, "column": null } },
      "26": { "start": { "line": 48, "column": 4 }, "end": { "line": 48, "column": null } },
      "27": { "start": { "line": 49, "column": 4 }, "end": { "line": 63, "column": null } },
      "28": { "start": { "line": 50, "column": 23 }, "end": { "line": 54, "column": null } },
      "29": { "start": { "line": 55, "column": 19 }, "end": { "line": 55, "column": null } },
      "30": { "start": { "line": 56, "column": 6 }, "end": { "line": 59, "column": null } },
      "31": { "start": { "line": 57, "column": 8 }, "end": { "line": 57, "column": null } },
      "32": { "start": { "line": 58, "column": 8 }, "end": { "line": 58, "column": null } },
      "33": { "start": { "line": 60, "column": 6 }, "end": { "line": 60, "column": null } },
      "34": { "start": { "line": 62, "column": 6 }, "end": { "line": 62, "column": null } },
      "35": { "start": { "line": 66, "column": 2 }, "end": { "line": 92, "column": null } },
      "36": { "start": { "line": 82, "column": 33 }, "end": { "line": 82, "column": null } },
      "37": { "start": { "line": 108, "column": 31 }, "end": { "line": 108, "column": null } },
      "38": { "start": { "line": 121, "column": 31 }, "end": { "line": 121, "column": null } }
    },
    "fnMap": {
      "0": {
        "name": "LoginForm",
        "decl": { "start": { "line": 11, "column": 24 }, "end": { "line": 11, "column": 36 } },
        "loc": { "start": { "line": 11, "column": 36 }, "end": { "line": 131, "column": null } }
      },
      "1": {
        "name": "handleCredentialsSubmit",
        "decl": { "start": { "line": 19, "column": 17 }, "end": { "line": 19, "column": 41 } },
        "loc": { "start": { "line": 19, "column": 78 }, "end": { "line": 42, "column": null } }
      },
      "2": {
        "name": "handleOtpSubmit",
        "decl": { "start": { "line": 44, "column": 17 }, "end": { "line": 44, "column": 33 } },
        "loc": { "start": { "line": 44, "column": 70 }, "end": { "line": 64, "column": null } }
      },
      "3": {
        "name": "(anonymous_3)",
        "decl": { "start": { "line": 82, "column": 12 }, "end": { "line": 82, "column": 23 } },
        "loc": { "start": { "line": 82, "column": 33 }, "end": { "line": 82, "column": null } }
      },
      "4": {
        "name": "(anonymous_4)",
        "decl": { "start": { "line": 108, "column": 10 }, "end": { "line": 108, "column": 21 } },
        "loc": { "start": { "line": 108, "column": 31 }, "end": { "line": 108, "column": null } }
      },
      "5": {
        "name": "(anonymous_5)",
        "decl": { "start": { "line": 121, "column": 10 }, "end": { "line": 121, "column": 21 } },
        "loc": { "start": { "line": 121, "column": 31 }, "end": { "line": 121, "column": null } }
      }
    },
    "branchMap": {
      "0": {
        "loc": { "start": { "line": 30, "column": 6 }, "end": { "line": 33, "column": null } },
        "type": "if",
        "locations": [
          { "start": { "line": 30, "column": 6 }, "end": { "line": 33, "column": null } }
        ]
      },
      "1": {
        "loc": { "start": { "line": 31, "column": 17 }, "end": { "line": 31, "column": 46 } },
        "type": "binary-expr",
        "locations": [
          { "start": { "line": 31, "column": 17 }, "end": { "line": 31, "column": 31 } },
          { "start": { "line": 31, "column": 31 }, "end": { "line": 31, "column": 46 } }
        ]
      },
      "2": {
        "loc": { "start": { "line": 34, "column": 6 }, "end": { "line": 38, "column": null } },
        "type": "if",
        "locations": [
          { "start": { "line": 34, "column": 6 }, "end": { "line": 38, "column": null } },
          { "start": { "line": 36, "column": 13 }, "end": { "line": 38, "column": null } }
        ]
      },
      "3": {
        "loc": { "start": { "line": 46, "column": 4 }, "end": { "line": 46, "column": null } },
        "type": "if",
        "locations": [
          { "start": { "line": 46, "column": 4 }, "end": { "line": 46, "column": null } }
        ]
      },
      "4": {
        "loc": { "start": { "line": 56, "column": 6 }, "end": { "line": 59, "column": null } },
        "type": "if",
        "locations": [
          { "start": { "line": 56, "column": 6 }, "end": { "line": 59, "column": null } }
        ]
      },
      "5": {
        "loc": { "start": { "line": 57, "column": 17 }, "end": { "line": 57, "column": 53 } },
        "type": "binary-expr",
        "locations": [
          { "start": { "line": 57, "column": 17 }, "end": { "line": 57, "column": 31 } },
          { "start": { "line": 57, "column": 31 }, "end": { "line": 57, "column": 53 } }
        ]
      },
      "6": {
        "loc": { "start": { "line": 66, "column": 2 }, "end": { "line": 92, "column": null } },
        "type": "if",
        "locations": [
          { "start": { "line": 66, "column": 2 }, "end": { "line": 92, "column": null } }
        ]
      },
      "7": {
        "loc": { "start": { "line": 72, "column": 9 }, "end": { "line": 72, "column": null } },
        "type": "binary-expr",
        "locations": [
          { "start": { "line": 72, "column": 9 }, "end": { "line": 72, "column": 18 } },
          { "start": { "line": 72, "column": 18 }, "end": { "line": 72, "column": null } }
        ]
      },
      "8": {
        "loc": { "start": { "line": 88, "column": 11 }, "end": { "line": 88, "column": null } },
        "type": "cond-expr",
        "locations": [
          { "start": { "line": 88, "column": 24 }, "end": { "line": 88, "column": 39 } },
          { "start": { "line": 88, "column": 39 }, "end": { "line": 88, "column": null } }
        ]
      },
      "9": {
        "loc": { "start": { "line": 99, "column": 7 }, "end": { "line": 99, "column": null } },
        "type": "binary-expr",
        "locations": [
          { "start": { "line": 99, "column": 7 }, "end": { "line": 99, "column": 16 } },
          { "start": { "line": 99, "column": 16 }, "end": { "line": 99, "column": null } }
        ]
      },
      "10": {
        "loc": { "start": { "line": 127, "column": 9 }, "end": { "line": 127, "column": null } },
        "type": "cond-expr",
        "locations": [
          { "start": { "line": 127, "column": 22 }, "end": { "line": 127, "column": 38 } },
          { "start": { "line": 127, "column": 38 }, "end": { "line": 127, "column": null } }
        ]
      },
      "11": {
        "loc": { "start": { "line": 34, "column": 15 }, "end": { "line": 34, "column": null } },
        "type": "binary-expr",
        "locations": [
          { "start": { "line": 34, "column": 15 }, "end": { "line": 34, "column": 40 } },
          { "start": { "line": 34, "column": 24 }, "end": { "line": 34, "column": null } }
        ]
      },
      "12": {
        "loc": { "start": { "line": 55, "column": 19 }, "end": { "line": 55, "column": null } },
        "type": "binary-expr",
        "locations": [
          { "start": { "line": 55, "column": 19 }, "end": { "line": 55, "column": 34 } },
          { "start": { "line": 55, "column": 34 }, "end": { "line": 55, "column": null } }
        ]
      },
      "13": {
        "loc": { "start": { "line": 69, "column": 8 }, "end": { "line": 69, "column": 9 } },
        "type": "binary-expr",
        "locations": [{ "start": { "line": 69, "column": 8 }, "end": { "line": 69, "column": 9 } }]
      },
      "14": {
        "loc": { "start": { "line": 81, "column": 19 }, "end": { "line": 81, "column": null } },
        "type": "cond-expr",
        "locations": [
          { "start": { "line": 81, "column": 19 }, "end": { "line": 81, "column": null } }
        ]
      },
      "15": {
        "loc": { "start": { "line": 90, "column": 12 }, "end": { "line": 90, "column": null } },
        "type": "binary-expr",
        "locations": [
          { "start": { "line": 90, "column": 12 }, "end": { "line": 90, "column": null } }
        ]
      },
      "16": {
        "loc": { "start": { "line": 114, "column": 23 }, "end": { "line": 114, "column": 34 } },
        "type": "cond-expr",
        "locations": [
          { "start": { "line": 114, "column": 23 }, "end": { "line": 114, "column": 34 } }
        ]
      },
      "17": {
        "loc": { "start": { "line": 35, "column": 31 }, "end": { "line": 35, "column": 64 } },
        "type": "binary-expr",
        "locations": [
          { "start": { "line": 35, "column": 31 }, "end": { "line": 35, "column": 64 } }
        ]
      },
      "18": {
        "loc": { "start": { "line": 53, "column": 71 }, "end": { "line": 53, "column": null } },
        "type": "binary-expr",
        "locations": [
          { "start": { "line": 53, "column": 71 }, "end": { "line": 53, "column": null } }
        ]
      },
      "19": {
        "loc": { "start": { "line": 68, "column": 12 }, "end": { "line": 68, "column": 22 } },
        "type": "binary-expr",
        "locations": [
          { "start": { "line": 68, "column": 12 }, "end": { "line": 68, "column": 22 } }
        ]
      },
      "20": {
        "loc": { "start": { "line": 100, "column": 6 }, "end": { "line": 100, "column": 7 } },
        "type": "cond-expr",
        "locations": [
          { "start": { "line": 100, "column": 6 }, "end": { "line": 100, "column": 7 } }
        ]
      },
      "21": {
        "loc": { "start": { "line": 35, "column": 65 }, "end": { "line": 35, "column": null } },
        "type": "binary-expr",
        "locations": [
          { "start": { "line": 35, "column": 65 }, "end": { "line": 35, "column": null } }
        ]
      },
      "22": {
        "loc": { "start": { "line": 68, "column": 6 }, "end": { "line": 68, "column": 7 } },
        "type": "binary-expr",
        "locations": [{ "start": { "line": 68, "column": 6 }, "end": { "line": 68, "column": 7 } }]
      }
    },
    "s": {
      "0": 9,
      "1": 9,
      "2": 9,
      "3": 53,
      "4": 53,
      "5": 53,
      "6": 53,
      "7": 53,
      "8": 53,
      "9": 8,
      "10": 8,
      "11": 8,
      "12": 8,
      "13": 8,
      "14": 8,
      "15": 8,
      "16": 1,
      "17": 1,
      "18": 7,
      "19": 5,
      "20": 2,
      "21": 7,
      "22": 5,
      "23": 5,
      "24": 0,
      "25": 5,
      "26": 5,
      "27": 5,
      "28": 5,
      "29": 5,
      "30": 5,
      "31": 1,
      "32": 1,
      "33": 4,
      "34": 3,
      "35": 53,
      "36": 5,
      "37": 8,
      "38": 8
    },
    "f": { "0": 53, "1": 8, "2": 5, "3": 5, "4": 8, "5": 8 },
    "b": {
      "0": [1],
      "1": [1, 0],
      "2": [5, 2],
      "3": [0],
      "4": [1],
      "5": [1, 0],
      "6": [18],
      "7": [18, 1],
      "8": [5, 13],
      "9": [35, 1],
      "10": [8, 27],
      "11": [6, 2],
      "12": [1, 0],
      "13": [18],
      "14": [5],
      "15": [35],
      "16": [8],
      "17": [6],
      "18": [1],
      "19": [36],
      "20": [8],
      "21": [11],
      "22": [54]
    }
  },
  "/Users/Gowa/Code/bored/centenary/cente-leads-dashboard/src/shell/Sidebar.astro?astro&type=script&index=0&lang.ts": {
    "path": "/Users/Gowa/Code/bored/centenary/cente-leads-dashboard/src/shell/Sidebar.astro?astro&type=script&index=0&lang.ts",
    "statementMap": {
      "0": { "start": { "line": 1, "column": 13 }, "end": { "line": 1, "column": null } },
      "1": { "start": { "line": 2, "column": 0 }, "end": { "line": 6, "column": null } },
      "2": { "start": { "line": 3, "column": 1 }, "end": { "line": 3, "column": null } },
      "3": { "start": { "line": 4, "column": 1 }, "end": { "line": 4, "column": null } },
      "4": { "start": { "line": 5, "column": 1 }, "end": { "line": 5, "column": null } }
    },
    "fnMap": {
      "0": {
        "name": "(anonymous_0)",
        "decl": { "start": { "line": 2, "column": 33 }, "end": { "line": 2, "column": 40 } },
        "loc": { "start": { "line": 2, "column": 50 }, "end": { "line": 6, "column": 1 } }
      }
    },
    "branchMap": {},
    "s": { "0": 15, "1": 15, "2": 0, "3": 0, "4": 0 },
    "f": { "0": 0 },
    "b": {}
  },
  "/Users/Gowa/Code/bored/centenary/cente-leads-dashboard/src/shell/ThemeToggle.tsx": {
    "path": "/Users/Gowa/Code/bored/centenary/cente-leads-dashboard/src/shell/ThemeToggle.tsx",
    "statementMap": {
      "0": { "start": { "line": 5, "column": 26 }, "end": { "line": 5, "column": null } },
      "1": { "start": { "line": 7, "column": 2 }, "end": { "line": 9, "column": null } },
      "2": { "start": { "line": 8, "column": 4 }, "end": { "line": 8, "column": null } },
      "3": { "start": { "line": 12, "column": 17 }, "end": { "line": 12, "column": null } },
      "4": { "start": { "line": 13, "column": 4 }, "end": { "line": 13, "column": null } },
      "5": { "start": { "line": 14, "column": 4 }, "end": { "line": 14, "column": null } },
      "6": { "start": { "line": 15, "column": 4 }, "end": { "line": 15, "column": null } },
      "7": { "start": { "line": 18, "column": 2 }, "end": { "line": 26, "column": null } }
    },
    "fnMap": {
      "0": {
        "name": "ThemeToggle",
        "decl": { "start": { "line": 4, "column": 24 }, "end": { "line": 4, "column": 38 } },
        "loc": { "start": { "line": 4, "column": 38 }, "end": { "line": 28, "column": null } }
      },
      "1": {
        "name": "(anonymous_1)",
        "decl": { "start": { "line": 7, "column": 2 }, "end": { "line": 7, "column": 18 } },
        "loc": { "start": { "line": 7, "column": 18 }, "end": { "line": 9, "column": 5 } }
      },
      "2": {
        "name": "toggle",
        "decl": { "start": { "line": 11, "column": 11 }, "end": { "line": 11, "column": 20 } },
        "loc": { "start": { "line": 11, "column": 20 }, "end": { "line": 16, "column": null } }
      },
      "3": {
        "name": "(anonymous_1)",
        "decl": { "start": { "line": 8, "column": 4 }, "end": { "line": 8, "column": 21 } },
        "loc": { "start": { "line": 8, "column": 12 }, "end": { "line": 11, "column": 11 } }
      },
      "4": {
        "name": "(anonymous_1)",
        "decl": { "start": { "line": 9, "column": 5 }, "end": { "line": 9, "column": null } },
        "loc": { "start": { "line": 9, "column": 7 }, "end": { "line": 13, "column": 16 } }
      }
    },
    "branchMap": {
      "0": {
        "loc": { "start": { "line": 15, "column": 34 }, "end": { "line": 15, "column": 57 } },
        "type": "cond-expr",
        "locations": [
          { "start": { "line": 15, "column": 41 }, "end": { "line": 15, "column": 50 } },
          { "start": { "line": 15, "column": 50 }, "end": { "line": 15, "column": 57 } }
        ]
      },
      "1": {
        "loc": { "start": { "line": 21, "column": 13 }, "end": { "line": 21, "column": null } },
        "type": "cond-expr",
        "locations": [
          { "start": { "line": 21, "column": 20 }, "end": { "line": 21, "column": 45 } },
          { "start": { "line": 21, "column": 45 }, "end": { "line": 21, "column": null } }
        ]
      },
      "2": {
        "loc": { "start": { "line": 25, "column": 7 }, "end": { "line": 25, "column": null } },
        "type": "cond-expr",
        "locations": [
          { "start": { "line": 25, "column": 14 }, "end": { "line": 25, "column": 34 } },
          { "start": { "line": 25, "column": 34 }, "end": { "line": 25, "column": null } }
        ]
      },
      "3": {
        "loc": { "start": { "line": 19, "column": 5 }, "end": { "line": null, "column": -1 } },
        "type": "cond-expr",
        "locations": [
          { "start": { "line": 19, "column": 4 }, "end": { "line": 19, "column": 5 } },
          { "start": { "line": 19, "column": 4 }, "end": { "line": 19, "column": 5 } }
        ]
      },
      "4": {
        "loc": { "start": { "line": 26, "column": 12 }, "end": { "line": 26, "column": null } },
        "type": "cond-expr",
        "locations": [
          { "start": { "line": 26, "column": 12 }, "end": { "line": 26, "column": null } }
        ]
      },
      "5": {
        "loc": { "start": { "line": 23, "column": 6 }, "end": { "line": 23, "column": 16 } },
        "type": "cond-expr",
        "locations": [
          { "start": { "line": 23, "column": 6 }, "end": { "line": 23, "column": 16 } },
          { "start": { "line": 23, "column": 6 }, "end": { "line": 23, "column": 16 } }
        ]
      }
    },
    "s": { "0": 18, "1": 18, "2": 15, "3": 2, "4": 2, "5": 2, "6": 2, "7": 18 },
    "f": { "0": 18, "1": 15, "2": 2, "3": 33, "4": 51 },
    "b": { "0": [1, 1], "1": [2, 16], "2": [2, 16], "3": [1, 1], "4": [2], "5": [1, 1] }
  },
  "/Users/Gowa/Code/bored/centenary/cente-leads-dashboard/src/shell/icons.ts": {
    "path": "/Users/Gowa/Code/bored/centenary/cente-leads-dashboard/src/shell/icons.ts",
    "statementMap": {
      "0": { "start": { "line": 18, "column": 53 }, "end": { "line": 29, "column": null } },
      "1": { "start": { "line": 31, "column": 55 }, "end": { "line": 35, "column": null } }
    },
    "fnMap": {},
    "branchMap": {},
    "s": { "0": 15, "1": 15 },
    "f": {},
    "b": {}
  },
  "/Users/Gowa/Code/bored/centenary/cente-leads-dashboard/src/shell/SidebarNav.tsx": {
    "path": "/Users/Gowa/Code/bored/centenary/cente-leads-dashboard/src/shell/SidebarNav.tsx",
    "statementMap": {
      "0": { "start": { "line": 13, "column": 30 }, "end": { "line": 13, "column": null } },
      "1": { "start": { "line": 14, "column": 19 }, "end": { "line": 14, "column": null } },
      "2": { "start": { "line": 15, "column": 2 }, "end": { "line": 22, "column": null } },
      "3": { "start": { "line": 15, "column": 45 }, "end": { "line": 15, "column": 52 } },
      "4": { "start": { "line": 17, "column": 6 }, "end": { "line": 17, "column": null } },
      "5": { "start": { "line": 18, "column": 4 }, "end": { "line": 21, "column": null } },
      "6": { "start": { "line": 19, "column": 6 }, "end": { "line": 19, "column": null } },
      "7": { "start": { "line": 20, "column": 6 }, "end": { "line": 20, "column": null } },
      "8": { "start": { "line": 23, "column": 2 }, "end": { "line": 23, "column": null } },
      "9": { "start": { "line": 27, "column": 19 }, "end": { "line": 27, "column": null } },
      "10": { "start": { "line": 28, "column": 2 }, "end": { "line": 69, "column": null } },
      "11": { "start": { "line": 31, "column": 8 }, "end": { "line": 67, "column": null } },
      "12": { "start": { "line": 37, "column": 27 }, "end": { "line": 37, "column": null } },
      "13": { "start": { "line": 38, "column": 29 }, "end": { "line": 38, "column": null } },
      "14": { "start": { "line": 39, "column": 14 }, "end": { "line": 63, "column": null } },
      "15": { "start": { "line": 26, "column": 37 }, "end": { "line": 26, "column": 69 } },
      "16": { "start": { "line": 38, "column": 41 }, "end": { "line": 38, "column": null } }
    },
    "fnMap": {
      "0": {
        "name": "bestMatchId",
        "decl": { "start": { "line": 12, "column": 9 }, "end": { "line": 12, "column": 21 } },
        "loc": { "start": { "line": 12, "column": 81 }, "end": { "line": 24, "column": null } }
      },
      "1": {
        "name": "(anonymous_1)",
        "decl": { "start": { "line": 15, "column": 30 }, "end": { "line": 15, "column": 39 } },
        "loc": { "start": { "line": 15, "column": 45 }, "end": { "line": 15, "column": 52 } }
      },
      "2": {
        "name": "SidebarNav",
        "decl": { "start": { "line": 26, "column": 24 }, "end": { "line": 26, "column": 35 } },
        "loc": { "start": { "line": 26, "column": 69 }, "end": { "line": 71, "column": null } }
      },
      "3": {
        "name": "(anonymous_3)",
        "decl": { "start": { "line": 30, "column": 16 }, "end": { "line": 30, "column": 21 } },
        "loc": { "start": { "line": 31, "column": 8 }, "end": { "line": 67, "column": null } }
      },
      "4": {
        "name": "(anonymous_4)",
        "decl": { "start": { "line": 36, "column": 27 }, "end": { "line": 36, "column": 32 } },
        "loc": { "start": { "line": 36, "column": 41 }, "end": { "line": 65, "column": 13 } }
      },
      "5": {
        "name": "(anonymous_1)",
        "decl": { "start": { "line": 26, "column": 24 }, "end": { "line": 26, "column": 47 } },
        "loc": { "start": { "line": 26, "column": 37 }, "end": { "line": 26, "column": 69 } }
      },
      "6": {
        "name": "(anonymous_1)",
        "decl": { "start": { "line": 38, "column": 34 }, "end": { "line": 38, "column": null } },
        "loc": { "start": { "line": 38, "column": 41 }, "end": { "line": 38, "column": null } }
      }
    },
    "branchMap": {
      "0": {
        "loc": { "start": { "line": 17, "column": 6 }, "end": { "line": 17, "column": null } },
        "type": "binary-expr",
        "locations": [
          { "start": { "line": 17, "column": 6 }, "end": { "line": 17, "column": 36 } },
          { "start": { "line": 17, "column": 36 }, "end": { "line": 17, "column": 57 } },
          { "start": { "line": 17, "column": 57 }, "end": { "line": 17, "column": null } }
        ]
      },
      "1": {
        "loc": { "start": { "line": 18, "column": 4 }, "end": { "line": 21, "column": null } },
        "type": "if",
        "locations": [
          { "start": { "line": 18, "column": 4 }, "end": { "line": 21, "column": null } }
        ]
      },
      "2": {
        "loc": { "start": { "line": 18, "column": 8 }, "end": { "line": 18, "column": 50 } },
        "type": "binary-expr",
        "locations": [
          { "start": { "line": 18, "column": 8 }, "end": { "line": 18, "column": 19 } },
          { "start": { "line": 18, "column": 19 }, "end": { "line": 18, "column": 50 } }
        ]
      },
      "3": {
        "loc": { "start": { "line": 41, "column": 19 }, "end": { "line": 42, "column": null } },
        "type": "binary-expr",
        "locations": [
          { "start": { "line": 41, "column": 19 }, "end": { "line": 41, "column": null } },
          { "start": { "line": 42, "column": 20 }, "end": { "line": 42, "column": null } }
        ]
      },
      "4": {
        "loc": { "start": { "line": 46, "column": 34 }, "end": { "line": 46, "column": null } },
        "type": "cond-expr",
        "locations": [
          { "start": { "line": 46, "column": 43 }, "end": { "line": 46, "column": 52 } },
          { "start": { "line": 46, "column": 52 }, "end": { "line": 46, "column": null } }
        ]
      },
      "5": {
        "loc": { "start": { "line": 49, "column": 21 }, "end": { "line": 49, "column": null } },
        "type": "binary-expr",
        "locations": [
          { "start": { "line": 49, "column": 21 }, "end": { "line": 49, "column": 29 } },
          { "start": { "line": 49, "column": 29 }, "end": { "line": 49, "column": null } }
        ]
      },
      "6": {
        "loc": { "start": { "line": 51, "column": 21 }, "end": { "line": 60, "column": null } },
        "type": "binary-expr",
        "locations": [
          { "start": { "line": 51, "column": 21 }, "end": { "line": 51, "column": null } },
          { "start": { "line": 52, "column": 22 }, "end": { "line": 60, "column": null } }
        ]
      },
      "7": {
        "loc": { "start": { "line": 54, "column": 26 }, "end": { "line": 56, "column": null } },
        "type": "cond-expr",
        "locations": [
          { "start": { "line": 55, "column": 30 }, "end": { "line": 55, "column": null } },
          { "start": { "line": 56, "column": 30 }, "end": { "line": 56, "column": null } }
        ]
      },
      "8": {
        "loc": { "start": { "line": 28, "column": 2 }, "end": { "line": 29, "column": 9 } },
        "type": "binary-expr",
        "locations": [
          { "start": { "line": 28, "column": 2 }, "end": { "line": 29, "column": 9 } },
          { "start": { "line": 29, "column": 4 }, "end": { "line": 29, "column": 5 } }
        ]
      },
      "9": {
        "loc": { "start": { "line": 29, "column": 9 }, "end": { "line": 29, "column": null } },
        "type": "binary-expr",
        "locations": [
          { "start": { "line": 29, "column": 9 }, "end": { "line": 29, "column": null } },
          { "start": { "line": 29, "column": 19 }, "end": { "line": 29, "column": null } }
        ]
      },
      "10": {
        "loc": { "start": { "line": 62, "column": 21 }, "end": { "line": 62, "column": null } },
        "type": "cond-expr",
        "locations": [
          { "start": { "line": 62, "column": 21 }, "end": { "line": 62, "column": null } }
        ]
      },
      "11": {
        "loc": { "start": { "line": 65, "column": 13 }, "end": { "line": 65, "column": null } },
        "type": "binary-expr",
        "locations": [
          { "start": { "line": 65, "column": 13 }, "end": { "line": 65, "column": null } }
        ]
      },
      "12": {
        "loc": { "start": { "line": 40, "column": 34 }, "end": { "line": 40, "column": 17 } },
        "type": "binary-expr",
        "locations": [
          { "start": { "line": 40, "column": 34 }, "end": { "line": 40, "column": 17 } },
          { "start": { "line": 40, "column": 16 }, "end": { "line": 40, "column": 17 } }
        ]
      },
      "13": {
        "loc": { "start": { "line": 50, "column": 51 }, "end": { "line": 50, "column": 45 } },
        "type": "binary-expr",
        "locations": [
          { "start": { "line": 50, "column": 51 }, "end": { "line": 50, "column": 45 } },
          { "start": { "line": 50, "column": 46 }, "end": { "line": 50, "column": 51 } }
        ]
      }
    },
    "s": {
      "0": 15,
      "1": 15,
      "2": 15,
      "3": 45,
      "4": 150,
      "5": 150,
      "6": 15,
      "7": 15,
      "8": 15,
      "9": 15,
      "10": 15,
      "11": 45,
      "12": 150,
      "13": 150,
      "14": 150,
      "15": 45,
      "16": 90
    },
    "f": { "0": 15, "1": 45, "2": 15, "3": 45, "4": 150, "5": 45, "6": 195 },
    "b": {
      "0": [150, 141, 129],
      "1": [15],
      "2": [150, 15],
      "3": [150, 15],
      "4": [15, 135],
      "5": [150, 150],
      "6": [150, 30],
      "7": [15, 15],
      "8": [150, 141],
      "9": [150, 15],
      "10": [15],
      "11": [150],
      "12": [150, 141],
      "13": [150, 141]
    }
  },
  "/Users/Gowa/Code/bored/centenary/cente-leads-dashboard/src/shared/components/Badge.tsx": {
    "path": "/Users/Gowa/Code/bored/centenary/cente-leads-dashboard/src/shared/components/Badge.tsx",
    "statementMap": {
      "0": { "start": { "line": 1, "column": 46 }, "end": { "line": 8, "column": null } },
      "1": { "start": { "line": 16, "column": 2 }, "end": { "line": 21, "column": null } }
    },
    "fnMap": {
      "0": {
        "name": "Badge",
        "decl": { "start": { "line": 15, "column": 24 }, "end": { "line": 15, "column": 30 } },
        "loc": { "start": { "line": 15, "column": 55 }, "end": { "line": 23, "column": null } }
      }
    },
    "branchMap": {},
    "s": { "0": 15, "1": 215 },
    "f": { "0": 215 },
    "b": {}
  },
  "/Users/Gowa/Code/bored/centenary/cente-leads-dashboard/src/shared/components/Avatar.tsx": {
    "path": "/Users/Gowa/Code/bored/centenary/cente-leads-dashboard/src/shared/components/Avatar.tsx",
    "statementMap": {
      "0": { "start": { "line": 1, "column": 15 }, "end": { "line": 7, "column": null } },
      "1": { "start": { "line": 10, "column": 14 }, "end": { "line": 10, "column": null } },
      "2": { "start": { "line": 10, "column": 49 }, "end": { "line": 10, "column": 73 } },
      "3": { "start": { "line": 11, "column": 2 }, "end": { "line": 11, "column": null } },
      "4": { "start": { "line": 19, "column": 2 }, "end": { "line": 24, "column": null } },
      "5": { "start": { "line": 10, "column": 49 }, "end": { "line": 10, "column": 74 } },
      "6": { "start": { "line": 10, "column": 49 }, "end": { "line": 10, "column": null } }
    },
    "fnMap": {
      "0": {
        "name": "colorFor",
        "decl": { "start": { "line": 9, "column": 9 }, "end": { "line": 9, "column": 18 } },
        "loc": { "start": { "line": 9, "column": 32 }, "end": { "line": 12, "column": null } }
      },
      "1": {
        "name": "(anonymous_1)",
        "decl": { "start": { "line": 10, "column": 29 }, "end": { "line": 10, "column": 37 } },
        "loc": { "start": { "line": 10, "column": 49 }, "end": { "line": 10, "column": 73 } }
      },
      "2": {
        "name": "Avatar",
        "decl": { "start": { "line": 18, "column": 24 }, "end": { "line": 18, "column": 31 } },
        "loc": { "start": { "line": 18, "column": 52 }, "end": { "line": 26, "column": null } }
      },
      "3": {
        "name": "(anonymous_1)",
        "decl": { "start": { "line": 10, "column": 29 }, "end": { "line": 10, "column": 42 } },
        "loc": { "start": { "line": 10, "column": 49 }, "end": { "line": 10, "column": 74 } }
      },
      "4": {
        "name": "(anonymous_1)",
        "decl": { "start": { "line": 10, "column": 29 }, "end": { "line": 10, "column": 49 } },
        "loc": { "start": { "line": 10, "column": 49 }, "end": { "line": 10, "column": null } }
      }
    },
    "branchMap": {},
    "s": { "0": 3, "1": 6, "2": 12, "3": 6, "4": 6, "5": 18, "6": 24 },
    "f": { "0": 6, "1": 12, "2": 6, "3": 18, "4": 24 },
    "b": {}
  },
  "/Users/Gowa/Code/bored/centenary/cente-leads-dashboard/src/shared/lead-presentation.ts": {
    "path": "/Users/Gowa/Code/bored/centenary/cente-leads-dashboard/src/shared/lead-presentation.ts",
    "statementMap": {
      "0": { "start": { "line": 9, "column": 4 }, "end": { "line": 17, "column": null } },
      "1": { "start": { "line": 22, "column": 2 }, "end": { "line": 22, "column": null } },
      "2": { "start": { "line": 28, "column": 2 }, "end": { "line": 28, "column": null } },
      "3": { "start": { "line": 32, "column": 2 }, "end": { "line": 38, "column": null } },
      "4": { "start": { "line": 35, "column": 19 }, "end": { "line": 35, "column": 26 } },
      "5": { "start": { "line": 28, "column": 16 }, "end": { "line": 28, "column": 40 } },
      "6": { "start": { "line": 16, "column": 40 }, "end": { "line": 16, "column": 46 } },
      "7": { "start": { "line": 13, "column": 52 }, "end": { "line": 13, "column": 61 } }
    },
    "fnMap": {
      "0": {
        "name": "formatUgx",
        "decl": { "start": { "line": 21, "column": 16 }, "end": { "line": 21, "column": 26 } },
        "loc": { "start": { "line": 21, "column": 54 }, "end": { "line": 23, "column": null } }
      },
      "1": {
        "name": "activeCount",
        "decl": { "start": { "line": 27, "column": 16 }, "end": { "line": 27, "column": 28 } },
        "loc": { "start": { "line": 27, "column": 83 }, "end": { "line": 29, "column": null } }
      },
      "2": {
        "name": "initialsOf",
        "decl": { "start": { "line": 31, "column": 16 }, "end": { "line": 31, "column": 27 } },
        "loc": { "start": { "line": 31, "column": 53 }, "end": { "line": 39, "column": null } }
      },
      "3": {
        "name": "(anonymous_3)",
        "decl": { "start": { "line": 35, "column": 5 }, "end": { "line": 35, "column": 10 } },
        "loc": { "start": { "line": 35, "column": 19 }, "end": { "line": 35, "column": 26 } }
      },
      "4": {
        "name": "(anonymous_3)",
        "decl": { "start": { "line": 28, "column": 2 }, "end": { "line": 28, "column": 16 } },
        "loc": { "start": { "line": 28, "column": 16 }, "end": { "line": 28, "column": 40 } }
      },
      "5": {
        "name": "(anonymous_3)",
        "decl": { "start": { "line": 16, "column": 33 }, "end": { "line": 16, "column": 46 } },
        "loc": { "start": { "line": 16, "column": 40 }, "end": { "line": 16, "column": 46 } }
      },
      "6": {
        "name": "(anonymous_3)",
        "decl": { "start": { "line": 13, "column": 52 }, "end": { "line": 13, "column": 61 } },
        "loc": { "start": { "line": 13, "column": 52 }, "end": { "line": 13, "column": 61 } }
      }
    },
    "branchMap": {
      "0": {
        "loc": { "start": { "line": 28, "column": 16 }, "end": { "line": 28, "column": 46 } },
        "type": "binary-expr",
        "locations": [
          { "start": { "line": 28, "column": 16 }, "end": { "line": 28, "column": 40 } },
          { "start": { "line": 28, "column": 40 }, "end": { "line": 28, "column": 46 } }
        ]
      },
      "1": {
        "loc": { "start": { "line": 28, "column": 46 }, "end": { "line": 28, "column": null } },
        "type": "binary-expr",
        "locations": [
          { "start": { "line": 28, "column": 46 }, "end": { "line": 28, "column": 67 } },
          { "start": { "line": 28, "column": 67 }, "end": { "line": 28, "column": null } }
        ]
      },
      "2": {
        "loc": { "start": { "line": 16, "column": 40 }, "end": { "line": 16, "column": 46 } },
        "type": "binary-expr",
        "locations": [
          { "start": { "line": 16, "column": 40 }, "end": { "line": 16, "column": 46 } },
          { "start": { "line": 16, "column": 40 }, "end": { "line": 16, "column": 46 } }
        ]
      },
      "3": {
        "loc": { "start": { "line": 16, "column": 40 }, "end": { "line": 16, "column": 46 } },
        "type": "binary-expr",
        "locations": [
          { "start": { "line": 16, "column": 40 }, "end": { "line": 16, "column": 46 } }
        ]
      },
      "4": {
        "loc": { "start": { "line": 13, "column": 52 }, "end": { "line": 13, "column": 61 } },
        "type": "binary-expr",
        "locations": [
          { "start": { "line": 13, "column": 52 }, "end": { "line": 13, "column": 61 } }
        ]
      },
      "5": {
        "loc": { "start": { "line": 12, "column": 51 }, "end": { "line": 12, "column": null } },
        "type": "binary-expr",
        "locations": [
          { "start": { "line": 12, "column": 51 }, "end": { "line": 12, "column": null } }
        ]
      }
    },
    "s": { "0": 15, "1": 168, "2": 0, "3": 6, "4": 12, "5": 12, "6": 27, "7": 42 },
    "f": { "0": 168, "1": 0, "2": 6, "3": 12, "4": 12, "5": 12, "6": 12 },
    "b": { "0": [0, 0], "1": [0, 0], "2": [0, 0], "3": [0], "4": [0], "5": [0] }
  },
  "/Users/Gowa/Code/bored/centenary/cente-leads-dashboard/src/domains/overview/components/KpiCard.tsx": {
    "path": "/Users/Gowa/Code/bored/centenary/cente-leads-dashboard/src/domains/overview/components/KpiCard.tsx",
    "statementMap": {},
    "fnMap": {
      "0": {
        "name": "KpiCard",
        "decl": { "start": { "line": 11, "column": 24 }, "end": { "line": 11, "column": 32 } },
        "loc": { "start": { "line": 11, "column": 85 }, "end": { "line": 36, "column": null } }
      }
    },
    "branchMap": {
      "0": {
        "loc": { "start": { "line": 15, "column": 8 }, "end": { "line": 17, "column": null } },
        "type": "cond-expr",
        "locations": [
          { "start": { "line": 16, "column": 12 }, "end": { "line": 16, "column": null } },
          { "start": { "line": 17, "column": 12 }, "end": { "line": 17, "column": null } }
        ]
      },
      "1": {
        "loc": { "start": { "line": 22, "column": 10 }, "end": { "line": 22, "column": null } },
        "type": "cond-expr",
        "locations": [
          { "start": { "line": 22, "column": 18 }, "end": { "line": 22, "column": 36 } },
          { "start": { "line": 22, "column": 36 }, "end": { "line": 22, "column": null } }
        ]
      },
      "2": {
        "loc": { "start": { "line": 29, "column": 41 }, "end": { "line": 29, "column": null } },
        "type": "cond-expr",
        "locations": [
          { "start": { "line": 29, "column": 49 }, "end": { "line": 29, "column": 64 } },
          { "start": { "line": 29, "column": 64 }, "end": { "line": 29, "column": null } }
        ]
      },
      "3": {
        "loc": { "start": { "line": 33, "column": 38 }, "end": { "line": 33, "column": 83 } },
        "type": "cond-expr",
        "locations": [
          { "start": { "line": 33, "column": 46 }, "end": { "line": 33, "column": 64 } },
          { "start": { "line": 33, "column": 64 }, "end": { "line": 33, "column": 83 } }
        ]
      }
    },
    "s": {},
    "f": { "0": 12 },
    "b": { "0": [3, 9], "1": [3, 9], "2": [3, 9], "3": [3, 9] }
  },
  "/Users/Gowa/Code/bored/centenary/cente-leads-dashboard/src/domains/overview/presentation.ts": {
    "path": "/Users/Gowa/Code/bored/centenary/cente-leads-dashboard/src/domains/overview/presentation.ts",
    "statementMap": {
      "0": { "start": { "line": 6, "column": 25 }, "end": { "line": 28, "column": null } }
    },
    "fnMap": {},
    "branchMap": {},
    "s": { "0": 3 },
    "f": {},
    "b": {}
  },
  "/Users/Gowa/Code/bored/centenary/cente-leads-dashboard/src/domains/overview/components/OverviewDashboard.tsx": {
    "path": "/Users/Gowa/Code/bored/centenary/cente-leads-dashboard/src/domains/overview/components/OverviewDashboard.tsx",
    "statementMap": {
      "0": { "start": { "line": 16, "column": 63 }, "end": { "line": 20, "column": null } },
      "1": { "start": { "line": 22, "column": 52 }, "end": { "line": 26, "column": null } },
      "2": { "start": { "line": 29, "column": 18 }, "end": { "line": 31, "column": null } },
      "3": { "start": { "line": 30, "column": 23 }, "end": { "line": 30, "column": 28 } },
      "4": { "start": { "line": 31, "column": 30 }, "end": { "line": 31, "column": 92 } },
      "5": { "start": { "line": 32, "column": 17 }, "end": { "line": 32, "column": null } },
      "6": { "start": { "line": 32, "column": 54 }, "end": { "line": 32, "column": 55 } },
      "7": { "start": { "line": 34, "column": 2 }, "end": { "line": 235, "column": null } },
      "8": { "start": { "line": 121, "column": 29 }, "end": { "line": 121, "column": null } },
      "9": { "start": { "line": 122, "column": 16 }, "end": { "line": 159, "column": null } },
      "10": { "start": { "line": 126, "column": 22 }, "end": { "line": 126, "column": null } },
      "11": { "start": { "line": 172, "column": 27 }, "end": { "line": 172, "column": null } },
      "12": { "start": { "line": 173, "column": 28 }, "end": { "line": 173, "column": null } },
      "13": { "start": { "line": 174, "column": 14 }, "end": { "line": 202, "column": null } },
      "14": { "start": { "line": 216, "column": 12 }, "end": { "line": 231, "column": null } },
      "15": { "start": { "line": 38, "column": 94 }, "end": { "line": 38, "column": null } },
      "16": { "start": { "line": 41, "column": 11 }, "end": { "line": null, "column": -1 } },
      "17": { "start": { "line": 41, "column": 23 }, "end": { "line": 41, "column": null } }
    },
    "fnMap": {
      "0": {
        "name": "OverviewDashboard",
        "decl": { "start": { "line": 28, "column": 24 }, "end": { "line": 28, "column": 42 } },
        "loc": { "start": { "line": 28, "column": 91 }, "end": { "line": 237, "column": null } }
      },
      "1": {
        "name": "(anonymous_1)",
        "decl": { "start": { "line": 30, "column": 5 }, "end": { "line": 30, "column": 13 } },
        "loc": { "start": { "line": 30, "column": 23 }, "end": { "line": 30, "column": 28 } }
      },
      "2": {
        "name": "(anonymous_2)",
        "decl": { "start": { "line": 31, "column": 5 }, "end": { "line": 31, "column": 10 } },
        "loc": { "start": { "line": 31, "column": 30 }, "end": { "line": 31, "column": 92 } }
      },
      "3": {
        "name": "(anonymous_3)",
        "decl": { "start": { "line": 32, "column": 37 }, "end": { "line": 32, "column": 42 } },
        "loc": { "start": { "line": 32, "column": 54 }, "end": { "line": 32, "column": 55 } }
      },
      "4": {
        "name": "(anonymous_4)",
        "decl": { "start": { "line": 120, "column": 38 }, "end": { "line": 120, "column": 43 } },
        "loc": { "start": { "line": 120, "column": 52 }, "end": { "line": 161, "column": 15 } }
      },
      "5": {
        "name": "(anonymous_5)",
        "decl": { "start": { "line": 125, "column": 20 }, "end": { "line": 125, "column": 35 } },
        "loc": { "start": { "line": 125, "column": 35 }, "end": { "line": 127, "column": null } }
      },
      "6": {
        "name": "(anonymous_6)",
        "decl": { "start": { "line": 171, "column": 23 }, "end": { "line": 171, "column": 28 } },
        "loc": { "start": { "line": 171, "column": 41 }, "end": { "line": 204, "column": 13 } }
      },
      "7": {
        "name": "(anonymous_7)",
        "decl": { "start": { "line": 215, "column": 19 }, "end": { "line": 215, "column": 24 } },
        "loc": { "start": { "line": 216, "column": 12 }, "end": { "line": 231, "column": null } }
      },
      "8": {
        "name": "(anonymous_1)",
        "decl": { "start": { "line": 38, "column": 10 }, "end": { "line": 38, "column": 11 } },
        "loc": { "start": { "line": 38, "column": 94 }, "end": { "line": 38, "column": null } }
      },
      "9": {
        "name": "(anonymous_2)",
        "decl": { "start": { "line": 41, "column": 10 }, "end": { "line": 41, "column": 11 } },
        "loc": { "start": { "line": 41, "column": 11 }, "end": { "line": null, "column": -1 } }
      },
      "10": {
        "name": "(anonymous_3)",
        "decl": { "start": { "line": 41, "column": 23 }, "end": { "line": 41, "column": null } },
        "loc": { "start": { "line": 41, "column": 23 }, "end": { "line": 41, "column": null } }
      },
      "11": {
        "name": "(anonymous_4)",
        "decl": { "start": { "line": 108, "column": 16 }, "end": { "line": 108, "column": 17 } },
        "loc": { "start": { "line": 108, "column": 16 }, "end": { "line": 144, "column": 21 } }
      },
      "12": {
        "name": "(anonymous_6)",
        "decl": { "start": { "line": 151, "column": 23 }, "end": { "line": 151, "column": 33 } },
        "loc": { "start": { "line": 151, "column": 38 }, "end": { "line": 189, "column": null } }
      },
      "13": {
        "name": "(anonymous_4)",
        "decl": { "start": { "line": 105, "column": 16 }, "end": { "line": 105, "column": 17 } },
        "loc": { "start": { "line": 105, "column": 16 }, "end": { "line": 130, "column": 21 } }
      },
      "14": {
        "name": "(anonymous_4)",
        "decl": { "start": { "line": 104, "column": 20 }, "end": { "line": 104, "column": 30 } },
        "loc": { "start": { "line": 104, "column": 20 }, "end": { "line": 115, "column": 34 } }
      }
    },
    "branchMap": {
      "0": {
        "loc": { "start": { "line": 31, "column": 39 }, "end": { "line": 31, "column": 77 } },
        "type": "binary-expr",
        "locations": [
          { "start": { "line": 31, "column": 39 }, "end": { "line": 31, "column": 69 } },
          { "start": { "line": 31, "column": 69 }, "end": { "line": 31, "column": 77 } }
        ]
      },
      "1": {
        "loc": { "start": { "line": 79, "column": 19 }, "end": { "line": 79, "column": null } },
        "type": "cond-expr",
        "locations": [
          { "start": { "line": 79, "column": 56 }, "end": { "line": 79, "column": 79 } },
          { "start": { "line": 79, "column": 79 }, "end": { "line": 79, "column": null } }
        ]
      },
      "2": {
        "loc": { "start": { "line": 113, "column": 15 }, "end": { "line": 118, "column": null } },
        "type": "binary-expr",
        "locations": [
          { "start": { "line": 113, "column": 15 }, "end": { "line": 113, "column": null } },
          { "start": { "line": 114, "column": 16 }, "end": { "line": 118, "column": null } }
        ]
      },
      "3": {
        "loc": { "start": { "line": 121, "column": 29 }, "end": { "line": 121, "column": null } },
        "type": "binary-expr",
        "locations": [
          { "start": { "line": 121, "column": 29 }, "end": { "line": 121, "column": 57 } },
          { "start": { "line": 121, "column": 57 }, "end": { "line": 121, "column": null } }
        ]
      },
      "4": {
        "loc": { "start": { "line": 145, "column": 23 }, "end": { "line": 145, "column": null } },
        "type": "cond-expr",
        "locations": [
          { "start": { "line": 145, "column": 61 }, "end": { "line": 145, "column": 77 } },
          { "start": { "line": 145, "column": 77 }, "end": { "line": 145, "column": null } }
        ]
      },
      "5": {
        "loc": { "start": { "line": 148, "column": 23 }, "end": { "line": 148, "column": null } },
        "type": "binary-expr",
        "locations": [
          { "start": { "line": 148, "column": 23 }, "end": { "line": 148, "column": 48 } },
          { "start": { "line": 148, "column": 48 }, "end": { "line": 148, "column": null } }
        ]
      },
      "6": {
        "loc": { "start": { "line": 178, "column": 20 }, "end": { "line": 178, "column": null } },
        "type": "cond-expr",
        "locations": [
          { "start": { "line": 178, "column": 47 }, "end": { "line": 178, "column": 95 } },
          { "start": { "line": 178, "column": 95 }, "end": { "line": 178, "column": null } }
        ]
      },
      "7": {
        "loc": { "start": { "line": 183, "column": 22 }, "end": { "line": 185, "column": null } },
        "type": "cond-expr",
        "locations": [
          { "start": { "line": 184, "column": 26 }, "end": { "line": 184, "column": null } },
          { "start": { "line": 185, "column": 26 }, "end": { "line": 185, "column": null } }
        ]
      },
      "8": {
        "loc": { "start": { "line": 41, "column": 10 }, "end": { "line": 41, "column": 11 } },
        "type": "binary-expr",
        "locations": [
          { "start": { "line": 41, "column": 10 }, "end": { "line": 41, "column": 11 } },
          { "start": { "line": 41, "column": 10 }, "end": { "line": 41, "column": 11 } }
        ]
      },
      "9": {
        "loc": { "start": { "line": 87, "column": 11 }, "end": { "line": 87, "column": null } },
        "type": "cond-expr",
        "locations": [
          { "start": { "line": 87, "column": 11 }, "end": { "line": 87, "column": null } }
        ]
      },
      "10": {
        "loc": { "start": { "line": 108, "column": 30 }, "end": { "line": 108, "column": 54 } },
        "type": "binary-expr",
        "locations": [
          { "start": { "line": 108, "column": 30 }, "end": { "line": 108, "column": 54 } }
        ]
      },
      "11": {
        "loc": { "start": { "line": 130, "column": 34 }, "end": { "line": 130, "column": null } },
        "type": "cond-expr",
        "locations": [
          { "start": { "line": 130, "column": 34 }, "end": { "line": 130, "column": null } }
        ]
      },
      "12": {
        "loc": { "start": { "line": 133, "column": 20 }, "end": { "line": 133, "column": 21 } },
        "type": "binary-expr",
        "locations": [
          { "start": { "line": 133, "column": 20 }, "end": { "line": 133, "column": 21 } }
        ]
      },
      "13": {
        "loc": { "start": { "line": 154, "column": 68 }, "end": { "line": 154, "column": null } },
        "type": "cond-expr",
        "locations": [
          { "start": { "line": 154, "column": 68 }, "end": { "line": 154, "column": null } }
        ]
      },
      "14": {
        "loc": { "start": { "line": 47, "column": 12 }, "end": { "line": 47, "column": 17 } },
        "type": "binary-expr",
        "locations": [
          { "start": { "line": 47, "column": 12 }, "end": { "line": 47, "column": 17 } },
          { "start": { "line": 47, "column": 12 }, "end": { "line": 47, "column": 17 } }
        ]
      },
      "15": {
        "loc": { "start": { "line": 105, "column": 17 }, "end": { "line": null, "column": -1 } },
        "type": "binary-expr",
        "locations": [
          { "start": { "line": 105, "column": 17 }, "end": { "line": null, "column": -1 } }
        ]
      },
      "16": {
        "loc": { "start": { "line": 120, "column": 22 }, "end": { "line": 120, "column": 38 } },
        "type": "binary-expr",
        "locations": [
          { "start": { "line": 120, "column": 22 }, "end": { "line": 120, "column": 38 } }
        ]
      },
      "17": {
        "loc": { "start": { "line": 52, "column": 10 }, "end": { "line": 56, "column": 13 } },
        "type": "binary-expr",
        "locations": [
          { "start": { "line": 52, "column": 10 }, "end": { "line": 56, "column": 13 } },
          { "start": { "line": 52, "column": 10 }, "end": { "line": 56, "column": 13 } }
        ]
      },
      "18": {
        "loc": { "start": { "line": 108, "column": 16 }, "end": { "line": 108, "column": 17 } },
        "type": "binary-expr",
        "locations": [
          { "start": { "line": 108, "column": 16 }, "end": { "line": 108, "column": 17 } }
        ]
      }
    },
    "s": {
      "0": 3,
      "1": 3,
      "2": 3,
      "3": 15,
      "4": 15,
      "5": 3,
      "6": 15,
      "7": 3,
      "8": 6,
      "9": 6,
      "10": 0,
      "11": 9,
      "12": 9,
      "13": 9,
      "14": 15,
      "15": 18,
      "16": 18,
      "17": 18
    },
    "f": {
      "0": 3,
      "1": 15,
      "2": 15,
      "3": 15,
      "4": 6,
      "5": 9,
      "6": 9,
      "7": 15,
      "8": 18,
      "9": 18,
      "10": 18,
      "11": 9,
      "12": 12,
      "13": 12,
      "14": 15
    },
    "b": {
      "0": [15, 6],
      "1": [3, 0],
      "2": [3, 0],
      "3": [6, 0],
      "4": [3, 3],
      "5": [6, 3],
      "6": [6, 3],
      "7": [3, 6],
      "8": [15, 6],
      "9": [3],
      "10": [6],
      "11": [3],
      "12": [6],
      "13": [6],
      "14": [15, 6],
      "15": [6],
      "16": [6],
      "17": [15, 6],
      "18": [6]
    }
  },
  "/Users/Gowa/Code/bored/centenary/cente-leads-dashboard/src/domains/products/client.ts": {
    "path": "/Users/Gowa/Code/bored/centenary/cente-leads-dashboard/src/domains/products/client.ts",
    "statementMap": {
      "0": { "start": { "line": 18, "column": 4 }, "end": { "line": 18, "column": null } },
      "1": { "start": { "line": 15, "column": 11 }, "end": { "line": 15, "column": null } },
      "2": { "start": { "line": 16, "column": 11 }, "end": { "line": 16, "column": null } },
      "3": { "start": { "line": 23, "column": 19 }, "end": { "line": 26, "column": null } },
      "4": { "start": { "line": 27, "column": 15 }, "end": { "line": 27, "column": null } },
      "5": { "start": { "line": 27, "column": 82 }, "end": { "line": 27, "column": 86 } },
      "6": { "start": { "line": 28, "column": 2 }, "end": { "line": 30, "column": null } },
      "7": { "start": { "line": 29, "column": 4 }, "end": { "line": 29, "column": null } },
      "8": { "start": { "line": 31, "column": 2 }, "end": { "line": 31, "column": null } },
      "9": { "start": { "line": 35, "column": 2 }, "end": { "line": 35, "column": null } },
      "10": { "start": { "line": 39, "column": 2 }, "end": { "line": 39, "column": null } },
      "11": { "start": { "line": 43, "column": 2 }, "end": { "line": 43, "column": null } },
      "12": { "start": { "line": 47, "column": 2 }, "end": { "line": 47, "column": null } },
      "13": { "start": { "line": 51, "column": 2 }, "end": { "line": 51, "column": null } },
      "14": { "start": { "line": 55, "column": 2 }, "end": { "line": 55, "column": null } },
      "15": { "start": { "line": 59, "column": 2 }, "end": { "line": 59, "column": null } },
      "16": { "start": { "line": 66, "column": 2 }, "end": { "line": 69, "column": null } },
      "17": { "start": { "line": 73, "column": 2 }, "end": { "line": 73, "column": null } },
      "18": { "start": { "line": 80, "column": 2 }, "end": { "line": 83, "column": null } },
      "19": { "start": { "line": 91, "column": 2 }, "end": { "line": 94, "column": null } },
      "20": { "start": { "line": 98, "column": 2 }, "end": { "line": 98, "column": null } },
      "21": { "start": { "line": 105, "column": 2 }, "end": { "line": 108, "column": null } },
      "22": { "start": { "line": 116, "column": 2 }, "end": { "line": 119, "column": null } },
      "23": { "start": { "line": 123, "column": 2 }, "end": { "line": 123, "column": null } },
      "24": { "start": { "line": 130, "column": 2 }, "end": { "line": 133, "column": null } },
      "25": { "start": { "line": 141, "column": 2 }, "end": { "line": 144, "column": null } },
      "26": { "start": { "line": 148, "column": 2 }, "end": { "line": 148, "column": null } },
      "27": { "start": { "line": 38, "column": 61 }, "end": { "line": 38, "column": null } },
      "28": { "start": { "line": 5, "column": 2 }, "end": { "line": 5, "column": 61 } },
      "29": { "start": { "line": 6, "column": 2 }, "end": { "line": 6, "column": 23 } },
      "30": { "start": { "line": 7, "column": 2 }, "end": { "line": 7, "column": 19 } },
      "31": { "start": { "line": 11, "column": 18 }, "end": { "line": 17, "column": 3 } },
      "32": { "start": { "line": 18, "column": 14 }, "end": { "line": 18, "column": 86 } },
      "33": { "start": { "line": 18, "column": 81 }, "end": { "line": 18, "column": 85 } },
      "34": { "start": { "line": 19, "column": 1 }, "end": { "line": 21, "column": 2 } },
      "35": { "start": { "line": 20, "column": 2 }, "end": { "line": 20, "column": 52 } },
      "36": { "start": { "line": 22, "column": 1 }, "end": { "line": 22, "column": 13 } },
      "37": { "start": { "line": 25, "column": 1 }, "end": { "line": 25, "column": 31 } },
      "38": { "start": { "line": 28, "column": 1 }, "end": { "line": 28, "column": 36 } },
      "39": { "start": { "line": 31, "column": 1 }, "end": { "line": 34, "column": 4 } },
      "40": { "start": { "line": 37, "column": 1 }, "end": { "line": 40, "column": 4 } },
      "41": { "start": { "line": 43, "column": 1 }, "end": { "line": 43, "column": 66 } },
      "42": { "start": { "line": 46, "column": 1 }, "end": { "line": 46, "column": 56 } },
      "43": { "start": { "line": 49, "column": 1 }, "end": { "line": 49, "column": 46 } },
      "44": { "start": { "line": 52, "column": 1 }, "end": { "line": 55, "column": 4 } },
      "45": { "start": { "line": 58, "column": 1 }, "end": { "line": 58, "column": 74 } },
      "46": { "start": { "line": 61, "column": 1 }, "end": { "line": 64, "column": 4 } },
      "47": { "start": { "line": 67, "column": 1 }, "end": { "line": 70, "column": 4 } },
      "48": { "start": { "line": 73, "column": 1 }, "end": { "line": 73, "column": 84 } },
      "49": { "start": { "line": 76, "column": 1 }, "end": { "line": 79, "column": 4 } },
      "50": { "start": { "line": 82, "column": 1 }, "end": { "line": 85, "column": 4 } },
      "51": { "start": { "line": 88, "column": 1 }, "end": { "line": 88, "column": 86 } },
      "52": { "start": { "line": 91, "column": 1 }, "end": { "line": 94, "column": 4 } },
      "53": { "start": { "line": 97, "column": 1 }, "end": { "line": 100, "column": 4 } },
      "54": { "start": { "line": 103, "column": 1 }, "end": { "line": 103, "column": 87 } }
    },
    "fnMap": {
      "0": {
        "name": "(anonymous_0)",
        "decl": { "start": { "line": 14, "column": 2 }, "end": { "line": 14, "column": null } },
        "loc": { "start": { "line": 17, "column": 4 }, "end": { "line": 19, "column": null } }
      },
      "1": {
        "name": "call",
        "decl": { "start": { "line": 22, "column": 15 }, "end": { "line": 22, "column": 23 } },
        "loc": { "start": { "line": 22, "column": 73 }, "end": { "line": 32, "column": null } }
      },
      "2": {
        "name": "(anonymous_2)",
        "decl": { "start": { "line": 27, "column": 70 }, "end": { "line": 27, "column": 82 } },
        "loc": { "start": { "line": 27, "column": 82 }, "end": { "line": 27, "column": 86 } }
      },
      "3": {
        "name": "listProducts",
        "decl": { "start": { "line": 34, "column": 16 }, "end": { "line": 34, "column": 72 } },
        "loc": { "start": { "line": 34, "column": 72 }, "end": { "line": 36, "column": null } }
      },
      "4": {
        "name": "getProduct",
        "decl": { "start": { "line": 38, "column": 16 }, "end": { "line": 38, "column": 27 } },
        "loc": { "start": { "line": 38, "column": 61 }, "end": { "line": 40, "column": null } }
      },
      "5": {
        "name": "createProduct",
        "decl": { "start": { "line": 42, "column": 16 }, "end": { "line": 42, "column": 30 } },
        "loc": { "start": { "line": 42, "column": 83 }, "end": { "line": 44, "column": null } }
      },
      "6": {
        "name": "updateProduct",
        "decl": { "start": { "line": 46, "column": 16 }, "end": { "line": 46, "column": 30 } },
        "loc": { "start": { "line": 46, "column": 95 }, "end": { "line": 48, "column": null } }
      },
      "7": {
        "name": "duplicateProduct",
        "decl": { "start": { "line": 50, "column": 16 }, "end": { "line": 50, "column": 33 } },
        "loc": { "start": { "line": 50, "column": 67 }, "end": { "line": 52, "column": null } }
      },
      "8": {
        "name": "listFormSchemas",
        "decl": { "start": { "line": 54, "column": 16 }, "end": { "line": 54, "column": 32 } },
        "loc": { "start": { "line": 54, "column": 95 }, "end": { "line": 56, "column": null } }
      },
      "9": {
        "name": "getFormSchema",
        "decl": { "start": { "line": 58, "column": 16 }, "end": { "line": 58, "column": 30 } },
        "loc": { "start": { "line": 58, "column": 73 }, "end": { "line": 60, "column": null } }
      },
      "10": {
        "name": "createFormSchema",
        "decl": { "start": { "line": 62, "column": 16 }, "end": { "line": 62, "column": null } },
        "loc": { "start": { "line": 65, "column": 27 }, "end": { "line": 70, "column": null } }
      },
      "11": {
        "name": "publishFormSchema",
        "decl": { "start": { "line": 72, "column": 16 }, "end": { "line": 72, "column": 34 } },
        "loc": { "start": { "line": 72, "column": 77 }, "end": { "line": 74, "column": null } }
      },
      "12": {
        "name": "createStep",
        "decl": { "start": { "line": 76, "column": 16 }, "end": { "line": 76, "column": null } },
        "loc": { "start": { "line": 79, "column": 25 }, "end": { "line": 84, "column": null } }
      },
      "13": {
        "name": "updateStep",
        "decl": { "start": { "line": 86, "column": 16 }, "end": { "line": 86, "column": null } },
        "loc": { "start": { "line": 90, "column": 25 }, "end": { "line": 95, "column": null } }
      },
      "14": {
        "name": "deleteStep",
        "decl": { "start": { "line": 97, "column": 16 }, "end": { "line": 97, "column": 27 } },
        "loc": { "start": { "line": 97, "column": 76 }, "end": { "line": 99, "column": null } }
      },
      "15": {
        "name": "createField",
        "decl": { "start": { "line": 101, "column": 16 }, "end": { "line": 101, "column": null } },
        "loc": { "start": { "line": 104, "column": 26 }, "end": { "line": 109, "column": null } }
      },
      "16": {
        "name": "updateField",
        "decl": { "start": { "line": 111, "column": 16 }, "end": { "line": 111, "column": null } },
        "loc": { "start": { "line": 115, "column": 26 }, "end": { "line": 120, "column": null } }
      },
      "17": {
        "name": "deleteField",
        "decl": { "start": { "line": 122, "column": 16 }, "end": { "line": 122, "column": 28 } },
        "loc": { "start": { "line": 122, "column": 78 }, "end": { "line": 124, "column": null } }
      },
      "18": {
        "name": "createDocumentRequirement",
        "decl": { "start": { "line": 126, "column": 16 }, "end": { "line": 126, "column": null } },
        "loc": { "start": { "line": 129, "column": 40 }, "end": { "line": 134, "column": null } }
      },
      "19": {
        "name": "updateDocumentRequirement",
        "decl": { "start": { "line": 136, "column": 16 }, "end": { "line": 136, "column": null } },
        "loc": { "start": { "line": 140, "column": 40 }, "end": { "line": 145, "column": null } }
      },
      "20": {
        "name": "deleteDocumentRequirement",
        "decl": { "start": { "line": 147, "column": 16 }, "end": { "line": 147, "column": 42 } },
        "loc": { "start": { "line": 147, "column": 90 }, "end": { "line": 149, "column": null } }
      },
      "21": {
        "name": "(anonymous_2)",
        "decl": { "start": { "line": 38, "column": 61 }, "end": { "line": 38, "column": null } },
        "loc": { "start": { "line": 38, "column": 61 }, "end": { "line": 38, "column": null } }
      },
      "22": {
        "name": "(anonymous_0)",
        "decl": { "start": { "line": 4, "column": 1 }, "end": { "line": 4, "column": 2 } },
        "loc": { "start": { "line": 4, "column": 27 }, "end": { "line": 8, "column": 2 } },
        "line": 4
      },
      "23": {
        "name": "call",
        "decl": { "start": { "line": 10, "column": 15 }, "end": { "line": 10, "column": 19 } },
        "loc": { "start": { "line": 10, "column": 37 }, "end": { "line": 23, "column": 1 } },
        "line": 10
      },
      "24": {
        "name": "(anonymous_2)",
        "decl": { "start": { "line": 18, "column": 75 }, "end": { "line": 18, "column": 76 } },
        "loc": { "start": { "line": 18, "column": 81 }, "end": { "line": 18, "column": 85 } },
        "line": 18
      },
      "25": {
        "name": "listProducts",
        "decl": { "start": { "line": 24, "column": 16 }, "end": { "line": 24, "column": 28 } },
        "loc": { "start": { "line": 24, "column": 31 }, "end": { "line": 26, "column": 1 } },
        "line": 24
      },
      "26": {
        "name": "getProduct",
        "decl": { "start": { "line": 27, "column": 16 }, "end": { "line": 27, "column": 26 } },
        "loc": { "start": { "line": 27, "column": 31 }, "end": { "line": 29, "column": 1 } },
        "line": 27
      },
      "27": {
        "name": "createProduct",
        "decl": { "start": { "line": 30, "column": 16 }, "end": { "line": 30, "column": 29 } },
        "loc": { "start": { "line": 30, "column": 39 }, "end": { "line": 35, "column": 1 } },
        "line": 30
      },
      "28": {
        "name": "updateProduct",
        "decl": { "start": { "line": 36, "column": 16 }, "end": { "line": 36, "column": 29 } },
        "loc": { "start": { "line": 36, "column": 43 }, "end": { "line": 41, "column": 1 } },
        "line": 36
      },
      "29": {
        "name": "duplicateProduct",
        "decl": { "start": { "line": 42, "column": 16 }, "end": { "line": 42, "column": 32 } },
        "loc": { "start": { "line": 42, "column": 37 }, "end": { "line": 44, "column": 1 } },
        "line": 42
      },
      "30": {
        "name": "listFormSchemas",
        "decl": { "start": { "line": 45, "column": 16 }, "end": { "line": 45, "column": 31 } },
        "loc": { "start": { "line": 45, "column": 43 }, "end": { "line": 47, "column": 1 } },
        "line": 45
      },
      "31": {
        "name": "getFormSchema",
        "decl": { "start": { "line": 48, "column": 16 }, "end": { "line": 48, "column": 29 } },
        "loc": { "start": { "line": 48, "column": 40 }, "end": { "line": 50, "column": 1 } },
        "line": 48
      },
      "32": {
        "name": "createFormSchema",
        "decl": { "start": { "line": 51, "column": 16 }, "end": { "line": 51, "column": 32 } },
        "loc": { "start": { "line": 51, "column": 61 }, "end": { "line": 56, "column": 1 } },
        "line": 51
      },
      "33": {
        "name": "publishFormSchema",
        "decl": { "start": { "line": 57, "column": 16 }, "end": { "line": 57, "column": 33 } },
        "loc": { "start": { "line": 57, "column": 44 }, "end": { "line": 59, "column": 1 } },
        "line": 57
      },
      "34": {
        "name": "createStep",
        "decl": { "start": { "line": 60, "column": 16 }, "end": { "line": 60, "column": 26 } },
        "loc": { "start": { "line": 60, "column": 46 }, "end": { "line": 65, "column": 1 } },
        "line": 60
      },
      "35": {
        "name": "updateStep",
        "decl": { "start": { "line": 66, "column": 16 }, "end": { "line": 66, "column": 26 } },
        "loc": { "start": { "line": 66, "column": 54 }, "end": { "line": 71, "column": 1 } },
        "line": 66
      },
      "36": {
        "name": "deleteStep",
        "decl": { "start": { "line": 72, "column": 16 }, "end": { "line": 72, "column": 26 } },
        "loc": { "start": { "line": 72, "column": 45 }, "end": { "line": 74, "column": 1 } },
        "line": 72
      },
      "37": {
        "name": "createField",
        "decl": { "start": { "line": 75, "column": 16 }, "end": { "line": 75, "column": 27 } },
        "loc": { "start": { "line": 75, "column": 47 }, "end": { "line": 80, "column": 1 } },
        "line": 75
      },
      "38": {
        "name": "updateField",
        "decl": { "start": { "line": 81, "column": 16 }, "end": { "line": 81, "column": 27 } },
        "loc": { "start": { "line": 81, "column": 56 }, "end": { "line": 86, "column": 1 } },
        "line": 81
      },
      "39": {
        "name": "deleteField",
        "decl": { "start": { "line": 87, "column": 16 }, "end": { "line": 87, "column": 27 } },
        "loc": { "start": { "line": 87, "column": 47 }, "end": { "line": 89, "column": 1 } },
        "line": 87
      },
      "40": {
        "name": "createDocumentRequirement",
        "decl": { "start": { "line": 90, "column": 16 }, "end": { "line": 90, "column": 41 } },
        "loc": { "start": { "line": 90, "column": 61 }, "end": { "line": 95, "column": 1 } },
        "line": 90
      },
      "41": {
        "name": "updateDocumentRequirement",
        "decl": { "start": { "line": 96, "column": 16 }, "end": { "line": 96, "column": 41 } },
        "loc": { "start": { "line": 96, "column": 68 }, "end": { "line": 101, "column": 1 } },
        "line": 96
      },
      "42": {
        "name": "deleteDocumentRequirement",
        "decl": { "start": { "line": 102, "column": 16 }, "end": { "line": 102, "column": 41 } },
        "loc": { "start": { "line": 102, "column": 59 }, "end": { "line": 104, "column": 1 } },
        "line": 102
      }
    },
    "branchMap": {
      "0": {
        "loc": { "start": { "line": 22, "column": 37 }, "end": { "line": 22, "column": 73 } },
        "type": "default-arg",
        "locations": [
          { "start": { "line": 22, "column": 57 }, "end": { "line": 22, "column": 73 } }
        ]
      },
      "1": {
        "loc": { "start": { "line": 27, "column": 15 }, "end": { "line": 27, "column": null } },
        "type": "cond-expr",
        "locations": [
          { "start": { "line": 27, "column": 41 }, "end": { "line": 27, "column": 48 } },
          { "start": { "line": 27, "column": 48 }, "end": { "line": 27, "column": null } }
        ]
      },
      "2": {
        "loc": { "start": { "line": 28, "column": 2 }, "end": { "line": 30, "column": null } },
        "type": "if",
        "locations": [
          { "start": { "line": 28, "column": 2 }, "end": { "line": 30, "column": null } }
        ]
      },
      "3": {
        "loc": { "start": { "line": 68, "column": 25 }, "end": { "line": 68, "column": 86 } },
        "type": "cond-expr",
        "locations": [
          { "start": { "line": 68, "column": 43 }, "end": { "line": 68, "column": 84 } },
          { "start": { "line": 68, "column": 84 }, "end": { "line": 68, "column": 86 } }
        ]
      },
      "4": {
        "loc": { "start": { "line": 31, "column": 9 }, "end": { "line": 31, "column": null } },
        "type": "default-arg",
        "locations": [
          { "start": { "line": 31, "column": 9 }, "end": { "line": 31, "column": null } }
        ]
      },
      "5": {
        "loc": { "start": { "line": 38, "column": 61 }, "end": { "line": 38, "column": null } },
        "type": "cond-expr",
        "locations": [
          { "start": { "line": 38, "column": 61 }, "end": { "line": 38, "column": null } }
        ]
      },
      "6": {
        "loc": { "start": { "line": 92, "column": 12 }, "end": { "line": 92, "column": null } },
        "type": "cond-expr",
        "locations": [
          { "start": { "line": 92, "column": 12 }, "end": { "line": 92, "column": null } },
          { "start": { "line": 92, "column": 12 }, "end": { "line": 92, "column": null } }
        ]
      },
      "7": {
        "loc": { "start": { "line": 10, "column": 26 }, "end": { "line": 10, "column": 35 } },
        "type": "default-arg",
        "locations": [
          { "start": { "line": 10, "column": 33 }, "end": { "line": 10, "column": 35 } }
        ],
        "line": 10
      },
      "8": {
        "loc": { "start": { "line": 18, "column": 14 }, "end": { "line": 18, "column": 86 } },
        "type": "cond-expr",
        "locations": [
          { "start": { "line": 18, "column": 40 }, "end": { "line": 18, "column": 44 } },
          { "start": { "line": 18, "column": 47 }, "end": { "line": 18, "column": 86 } }
        ],
        "line": 18
      },
      "9": {
        "loc": { "start": { "line": 19, "column": 1 }, "end": { "line": 21, "column": 2 } },
        "type": "if",
        "locations": [
          { "start": { "line": 19, "column": 1 }, "end": { "line": 21, "column": 2 } },
          { "start": {}, "end": {} }
        ],
        "line": 19
      },
      "10": {
        "loc": { "start": { "line": 54, "column": 23 }, "end": { "line": 54, "column": 84 } },
        "type": "cond-expr",
        "locations": [
          { "start": { "line": 54, "column": 41 }, "end": { "line": 54, "column": 79 } },
          { "start": { "line": 54, "column": 82 }, "end": { "line": 54, "column": 84 } }
        ],
        "line": 54
      }
    },
    "s": {
      "0": 0,
      "1": 0,
      "2": 0,
      "3": 59,
      "4": 59,
      "5": 0,
      "6": 59,
      "7": 0,
      "8": 59,
      "9": 0,
      "10": 0,
      "11": 4,
      "12": 2,
      "13": 2,
      "14": 3,
      "15": 18,
      "16": 4,
      "17": 2,
      "18": 2,
      "19": 8,
      "20": 2,
      "21": 2,
      "22": 2,
      "23": 2,
      "24": 2,
      "25": 2,
      "26": 2,
      "27": 0,
      "28": 0,
      "29": 0,
      "30": 0,
      "31": 59,
      "32": 59,
      "33": 0,
      "34": 59,
      "35": 0,
      "36": 59,
      "37": 0,
      "38": 0,
      "39": 4,
      "40": 2,
      "41": 2,
      "42": 3,
      "43": 18,
      "44": 4,
      "45": 2,
      "46": 2,
      "47": 8,
      "48": 2,
      "49": 2,
      "50": 2,
      "51": 2,
      "52": 2,
      "53": 2,
      "54": 2
    },
    "f": {
      "0": 0,
      "1": 59,
      "2": 0,
      "3": 0,
      "4": 0,
      "5": 4,
      "6": 2,
      "7": 2,
      "8": 3,
      "9": 18,
      "10": 4,
      "11": 2,
      "12": 2,
      "13": 8,
      "14": 2,
      "15": 2,
      "16": 2,
      "17": 2,
      "18": 2,
      "19": 2,
      "20": 2,
      "21": 0,
      "22": 0,
      "23": 59,
      "24": 0,
      "25": 0,
      "26": 0,
      "27": 4,
      "28": 2,
      "29": 2,
      "30": 3,
      "31": 18,
      "32": 4,
      "33": 2,
      "34": 2,
      "35": 8,
      "36": 2,
      "37": 2,
      "38": 2,
      "39": 2,
      "40": 2,
      "41": 2,
      "42": 2
    },
    "b": {
      "0": [21],
      "1": [6, 53],
      "2": [0],
      "3": [2, 2],
      "4": [21],
      "5": [6],
      "6": [2, 2],
      "7": [21],
      "8": [6, 53],
      "9": [0, 59],
      "10": [2, 2]
    }
  },
  "/Users/Gowa/Code/bored/centenary/cente-leads-dashboard/src/domains/products/presentation.ts": {
    "path": "/Users/Gowa/Code/bored/centenary/cente-leads-dashboard/src/domains/products/presentation.ts",
    "statementMap": {
      "0": { "start": { "line": 11, "column": 66 }, "end": { "line": 16, "column": null } },
      "1": { "start": { "line": 21, "column": 4 }, "end": { "line": 25, "column": null } },
      "2": { "start": { "line": 27, "column": 72 }, "end": { "line": 34, "column": null } },
      "3": { "start": { "line": 36, "column": 64 }, "end": { "line": 47, "column": null } },
      "4": { "start": { "line": 49, "column": 78 }, "end": { "line": 55, "column": null } },
      "5": { "start": { "line": 58, "column": 2 }, "end": { "line": 58, "column": null } },
      "6": { "start": { "line": 2, "column": 30 }, "end": { "line": 7, "column": 1 } },
      "7": { "start": { "line": 8, "column": 34 }, "end": { "line": 21, "column": 1 } },
      "8": { "start": { "line": 22, "column": 37 }, "end": { "line": 29, "column": 1 } },
      "9": { "start": { "line": 30, "column": 33 }, "end": { "line": 41, "column": 1 } },
      "10": { "start": { "line": 42, "column": 38 }, "end": { "line": 48, "column": 1 } },
      "11": { "start": { "line": 50, "column": 1 }, "end": { "line": 50, "column": 37 } }
    },
    "fnMap": {
      "0": {
        "name": "formatBps",
        "decl": { "start": { "line": 57, "column": 16 }, "end": { "line": 57, "column": 26 } },
        "loc": { "start": { "line": 57, "column": 47 }, "end": { "line": 59, "column": null } }
      },
      "1": {
        "name": "formatBps",
        "decl": { "start": { "line": 49, "column": 16 }, "end": { "line": 49, "column": 25 } },
        "loc": { "start": { "line": 49, "column": 31 }, "end": { "line": 51, "column": 1 } },
        "line": 49
      }
    },
    "branchMap": {},
    "s": {
      "0": 12,
      "1": 12,
      "2": 12,
      "3": 12,
      "4": 12,
      "5": 81,
      "6": 12,
      "7": 12,
      "8": 12,
      "9": 12,
      "10": 12,
      "11": 81
    },
    "f": { "0": 81, "1": 81 },
    "b": {}
  },
  "/Users/Gowa/Code/bored/centenary/cente-leads-dashboard/src/domains/products/components/SettingsTab.tsx": {
    "path": "/Users/Gowa/Code/bored/centenary/cente-leads-dashboard/src/domains/products/components/SettingsTab.tsx",
    "statementMap": {
      "0": { "start": { "line": 13, "column": 39 }, "end": { "line": 13, "column": null } },
      "1": { "start": { "line": 16, "column": 26 }, "end": { "line": 29, "column": null } },
      "2": { "start": { "line": 30, "column": 34 }, "end": { "line": 30, "column": null } },
      "3": { "start": { "line": 31, "column": 42 }, "end": { "line": 31, "column": null } },
      "4": { "start": { "line": 32, "column": 30 }, "end": { "line": 32, "column": null } },
      "5": { "start": { "line": 33, "column": 28 }, "end": { "line": 33, "column": null } },
      "6": { "start": { "line": 34, "column": 32 }, "end": { "line": 34, "column": null } },
      "7": { "start": { "line": 37, "column": 4 }, "end": { "line": 37, "column": null } },
      "8": { "start": { "line": 38, "column": 4 }, "end": { "line": 38, "column": null } },
      "9": { "start": { "line": 39, "column": 4 }, "end": { "line": 39, "column": null } },
      "10": { "start": { "line": 40, "column": 4 }, "end": { "line": 53, "column": null } },
      "11": { "start": { "line": 41, "column": 22 }, "end": { "line": 46, "column": null } },
      "12": { "start": { "line": 47, "column": 6 }, "end": { "line": 47, "column": null } },
      "13": { "start": { "line": 48, "column": 6 }, "end": { "line": 48, "column": null } },
      "14": { "start": { "line": 50, "column": 6 }, "end": { "line": 50, "column": null } },
      "15": { "start": { "line": 52, "column": 6 }, "end": { "line": 52, "column": null } },
      "16": { "start": { "line": 57, "column": 4 }, "end": { "line": 57, "column": null } },
      "17": { "start": { "line": 57, "column": 27 }, "end": { "line": 57, "column": 92 } },
      "18": { "start": { "line": 57, "column": 66 }, "end": { "line": 57, "column": 74 } },
      "19": { "start": { "line": 60, "column": 27 }, "end": { "line": 62, "column": null } },
      "20": { "start": { "line": 61, "column": 4 }, "end": { "line": 61, "column": null } },
      "21": { "start": { "line": 78, "column": 29 }, "end": { "line": 78, "column": null } },
      "22": { "start": { "line": 90, "column": 29 }, "end": { "line": 90, "column": null } },
      "23": { "start": { "line": 101, "column": 29 }, "end": { "line": 101, "column": null } },
      "24": { "start": { "line": 105, "column": 14 }, "end": { "line": 107, "column": null } },
      "25": { "start": { "line": 116, "column": 31 }, "end": { "line": 116, "column": null } },
      "26": { "start": { "line": 124, "column": 31 }, "end": { "line": 124, "column": null } },
      "27": { "start": { "line": 136, "column": 29 }, "end": { "line": 136, "column": null } },
      "28": { "start": { "line": 150, "column": 29 }, "end": { "line": 150, "column": null } },
      "29": { "start": { "line": 163, "column": 29 }, "end": { "line": 163, "column": null } },
      "30": { "start": { "line": 176, "column": 29 }, "end": { "line": 176, "column": null } },
      "31": { "start": { "line": 189, "column": 29 }, "end": { "line": 189, "column": null } },
      "32": { "start": { "line": 202, "column": 29 }, "end": { "line": 202, "column": null } },
      "33": { "start": { "line": 215, "column": 29 }, "end": { "line": 215, "column": null } },
      "34": { "start": { "line": 234, "column": 18 }, "end": { "line": 236, "column": null } },
      "35": { "start": { "line": 235, "column": 93 }, "end": { "line": 235, "column": 97 } },
      "36": { "start": { "line": 249, "column": 29 }, "end": { "line": 249, "column": null } },
      "37": { "start": { "line": 257, "column": 27 }, "end": { "line": 257, "column": null } },
      "38": { "start": { "line": 258, "column": 12 }, "end": { "line": 271, "column": null } },
      "39": { "start": { "line": 263, "column": 31 }, "end": { "line": 263, "column": null } },
      "40": { "start": { "line": 65, "column": 4 }, "end": { "line": 65, "column": 5 } },
      "41": { "start": { "line": 197, "column": 10 }, "end": { "line": 197, "column": 11 } },
[...]
        "loc": { "start": { "line": 206, "column": 23 }, "end": { "line": 209, "column": 8 } },
        "line": 206
      },
      "40": {
        "name": "(anonymous_14)",
        "decl": { "start": { "line": 224, "column": 16 }, "end": { "line": 224, "column": 17 } },
        "loc": { "start": { "line": 224, "column": 23 }, "end": { "line": 227, "column": 8 } },
        "line": 224
      },
      "41": {
        "name": "(anonymous_15)",
        "decl": { "start": { "line": 242, "column": 16 }, "end": { "line": 242, "column": 17 } },
        "loc": { "start": { "line": 242, "column": 23 }, "end": { "line": 245, "column": 8 } },
        "line": 242
      },
      "42": {
        "name": "(anonymous_16)",
        "decl": { "start": { "line": 258, "column": 15 }, "end": { "line": 258, "column": 16 } },
        "loc": { "start": { "line": 258, "column": 21 }, "end": { "line": 258, "column": 39 } },
        "line": 258
      },
      "43": {
        "name": "(anonymous_17)",
        "decl": { "start": { "line": 322, "column": 24 }, "end": { "line": 322, "column": 25 } },
        "loc": { "start": { "line": 322, "column": 47 }, "end": { "line": 399, "column": 12 } },
        "line": 322
      },
      "44": {
        "name": "(anonymous_18)",
        "decl": { "start": { "line": 323, "column": 14 }, "end": { "line": 323, "column": 15 } },
        "loc": { "start": { "line": 323, "column": 20 }, "end": { "line": 323, "column": 39 } },
        "line": 323
      },
      "45": {
        "name": "(anonymous_19)",
        "decl": { "start": { "line": 328, "column": 16 }, "end": { "line": 328, "column": 17 } },
        "loc": { "start": { "line": 328, "column": 23 }, "end": { "line": 328, "column": 42 } },
        "line": 328
      },
      "46": {
        "name": "(anonymous_20)",
        "decl": { "start": { "line": 332, "column": 18 }, "end": { "line": 332, "column": 19 } },
        "loc": { "start": { "line": 332, "column": 24 }, "end": { "line": 332, "column": 43 } },
        "line": 332
      },
      "47": {
        "name": "(anonymous_21)",
        "decl": { "start": { "line": 338, "column": 16 }, "end": { "line": 338, "column": 17 } },
        "loc": { "start": { "line": 338, "column": 22 }, "end": { "line": 338, "column": 64 } },
        "line": 338
      }
    },
    "branchMap": {
      "0": {
        "loc": { "start": { "line": 36, "column": 4 }, "end": { "line": 36, "column": null } },
        "type": "if",
        "locations": [
          { "start": { "line": 36, "column": 4 }, "end": { "line": 36, "column": null } }
        ]
      },
      "1": {
        "loc": { "start": { "line": 45, "column": 8 }, "end": { "line": 45, "column": null } },
        "type": "cond-expr",
        "locations": [
          { "start": { "line": 45, "column": 42 }, "end": { "line": 45, "column": 69 } },
          { "start": { "line": 45, "column": 69 }, "end": { "line": 45, "column": null } }
        ]
      },
      "2": {
        "loc": { "start": { "line": 67, "column": 6 }, "end": { "line": 71, "column": null } },
        "type": "if",
        "locations": [
          { "start": { "line": 67, "column": 6 }, "end": { "line": 71, "column": null } },
          { "start": { "line": 69, "column": 13 }, "end": { "line": 71, "column": null } }
        ]
      },
      "3": {
        "loc": { "start": { "line": 85, "column": 38 }, "end": { "line": 85, "column": 71 } },
        "type": "cond-expr",
        "locations": [
          { "start": { "line": 85, "column": 62 }, "end": { "line": 85, "column": 67 } },
          { "start": { "line": 85, "column": 67 }, "end": { "line": 85, "column": 71 } }
        ]
      },
      "4": {
        "loc": { "start": { "line": 88, "column": 9 }, "end": { "line": 105, "column": null } },
        "type": "binary-expr",
        "locations": [
          { "start": { "line": 88, "column": 9 }, "end": { "line": 88, "column": null } },
          { "start": { "line": 89, "column": 10 }, "end": { "line": 105, "column": null } }
        ]
      },
      "5": {
        "loc": { "start": { "line": 92, "column": 24 }, "end": { "line": 92, "column": null } },
        "type": "binary-expr",
        "locations": [
          { "start": { "line": 92, "column": 24 }, "end": { "line": 92, "column": 39 } },
          { "start": { "line": 92, "column": 39 }, "end": { "line": 92, "column": null } }
        ]
      },
      "6": {
        "loc": { "start": { "line": 95, "column": 34 }, "end": { "line": 95, "column": null } },
        "type": "cond-expr",
        "locations": [
          { "start": { "line": 95, "column": 48 }, "end": { "line": 95, "column": 65 } },
          { "start": { "line": 95, "column": 65 }, "end": { "line": 95, "column": null } }
        ]
      },
      "7": {
        "loc": { "start": { "line": 107, "column": 7 }, "end": { "line": 107, "column": null } },
        "type": "binary-expr",
        "locations": [
          { "start": { "line": 107, "column": 7 }, "end": { "line": 107, "column": null } }
        ]
      },
      "8": {
        "loc": { "start": { "line": 224, "column": 15 }, "end": { "line": 224, "column": null } },
        "type": "cond-expr",
        "locations": [
          { "start": { "line": 224, "column": 24 }, "end": { "line": 224, "column": 38 } },
          { "start": { "line": 224, "column": 38 }, "end": { "line": 224, "column": null } }
        ]
      },
      "9": {
        "loc": { "start": { "line": 234, "column": 11 }, "end": { "line": 234, "column": null } },
        "type": "binary-expr",
        "locations": [
          { "start": { "line": 234, "column": 11 }, "end": { "line": 234, "column": 20 } },
          { "start": { "line": 234, "column": 20 }, "end": { "line": 234, "column": null } }
        ]
      },
      "10": {
        "loc": { "start": { "line": 256, "column": 13 }, "end": { "line": 261, "column": null } },
        "type": "binary-expr",
        "locations": [
          { "start": { "line": 256, "column": 13 }, "end": { "line": 256, "column": null } },
          { "start": { "line": 257, "column": 14 }, "end": { "line": 261, "column": null } }
        ]
      },
      "11": {
        "loc": { "start": { "line": 268, "column": 18 }, "end": { "line": 268, "column": null } },
        "type": "cond-expr",
        "locations": [
          { "start": { "line": 268, "column": 40 }, "end": { "line": 268, "column": 80 } },
          { "start": { "line": 268, "column": 80 }, "end": { "line": 268, "column": null } }
        ]
      },
      "12": {
        "loc": { "start": { "line": 312, "column": 19 }, "end": { "line": 312, "column": null } },
        "type": "cond-expr",
        "locations": [
          { "start": { "line": 312, "column": 46 }, "end": { "line": 312, "column": 52 } },
          { "start": { "line": 312, "column": 52 }, "end": { "line": 312, "column": null } }
        ]
      },
      "13": {
        "loc": { "start": { "line": 316, "column": 27 }, "end": { "line": 316, "column": null } },
        "type": "cond-expr",
        "locations": [
          { "start": { "line": 316, "column": 41 }, "end": { "line": 316, "column": 52 } },
          { "start": { "line": 316, "column": 52 }, "end": { "line": 316, "column": null } }
        ]
      },
      "14": {
        "loc": { "start": { "line": 317, "column": 27 }, "end": { "line": 317, "column": null } },
        "type": "cond-expr",
        "locations": [
          { "start": { "line": 317, "column": 41 }, "end": { "line": 317, "column": 51 } },
          { "start": { "line": 317, "column": 51 }, "end": { "line": 317, "column": null } }
        ]
      },
      "15": {
        "loc": { "start": { "line": 52, "column": 69 }, "end": { "line": 52, "column": null } },
        "type": "cond-expr",
        "locations": [
          { "start": { "line": 52, "column": 69 }, "end": { "line": 52, "column": null } }
        ]
      },
      "16": {
        "loc": { "start": { "line": 90, "column": 13 }, "end": { "line": null, "column": -1 } },
        "type": "cond-expr",
        "locations": [
          { "start": { "line": 90, "column": 12 }, "end": { "line": 90, "column": 13 } },
          { "start": { "line": 90, "column": 12 }, "end": { "line": 90, "column": 13 } }
        ]
      },
      "17": {
        "loc": { "start": { "line": 95, "column": 48 }, "end": { "line": 95, "column": null } },
        "type": "binary-expr",
        "locations": [
          { "start": { "line": 95, "column": 48 }, "end": { "line": 95, "column": null } }
        ]
      },
      "18": {
        "loc": { "start": { "line": 98, "column": 50 }, "end": { "line": 98, "column": null } },
        "type": "cond-expr",
        "locations": [
          { "start": { "line": 98, "column": 50 }, "end": { "line": 98, "column": null } }
        ]
      },
      "19": {
        "loc": { "start": { "line": 201, "column": 31 }, "end": { "line": 201, "column": 41 } },
        "type": "cond-expr",
        "locations": [
          { "start": { "line": 201, "column": 31 }, "end": { "line": 201, "column": 41 } }
        ]
      },
      "20": {
        "loc": { "start": { "line": 206, "column": 19 }, "end": { "line": 206, "column": 53 } },
        "type": "binary-expr",
        "locations": [
          { "start": { "line": 206, "column": 19 }, "end": { "line": 206, "column": 53 } }
        ]
      },
      "21": {
        "loc": { "start": { "line": 251, "column": 80 }, "end": { "line": 251, "column": null } },
        "type": "cond-expr",
        "locations": [
          { "start": { "line": 251, "column": 80 }, "end": { "line": 251, "column": null } }
        ]
      },
      "22": {
        "loc": { "start": { "line": 252, "column": 62 }, "end": { "line": 252, "column": null } },
        "type": "cond-expr",
        "locations": [
          { "start": { "line": 252, "column": 62 }, "end": { "line": 252, "column": null } }
        ]
      },
      "23": {
        "loc": { "start": { "line": 253, "column": 16 }, "end": { "line": 253, "column": null } },
        "type": "cond-expr",
        "locations": [
          { "start": { "line": 253, "column": 16 }, "end": { "line": 253, "column": null } }
        ]
      },
      "24": {
        "loc": { "start": { "line": 95, "column": 14 }, "end": { "line": 95, "column": 15 } },
        "type": "cond-expr",
        "locations": [
          { "start": { "line": 95, "column": 14 }, "end": { "line": 95, "column": 15 } },
          { "start": { "line": 95, "column": 14 }, "end": { "line": 95, "column": 15 } }
        ]
      },
      "25": {
        "loc": { "start": { "line": 183, "column": 13 }, "end": { "line": null, "column": -1 } },
        "type": "cond-expr",
        "locations": [
          { "start": { "line": 183, "column": 13 }, "end": { "line": null, "column": -1 } }
        ]
      },
      "26": {
        "loc": { "start": { "line": 188, "column": 25 }, "end": { "line": 188, "column": 41 } },
        "type": "binary-expr",
        "locations": [
          { "start": { "line": 188, "column": 25 }, "end": { "line": 188, "column": 41 } }
        ]
      },
      "27": {
        "loc": { "start": { "line": 32, "column": 2 }, "end": { "line": 32, "column": 26 } },
        "type": "if",
        "locations": [
          { "start": { "line": 32, "column": 2 }, "end": { "line": 32, "column": 26 } },
          { "start": {}, "end": {} }
        ],
        "line": 32
      },
      "28": {
        "loc": { "start": { "line": 40, "column": 12 }, "end": { "line": 40, "column": 103 } },
        "type": "cond-expr",
        "locations": [
          { "start": { "line": 40, "column": 46 }, "end": { "line": 40, "column": 70 } },
          { "start": { "line": 40, "column": 73 }, "end": { "line": 40, "column": 103 } }
        ],
        "line": 40
      },
      "29": {
        "loc": { "start": { "line": 60, "column": 3 }, "end": { "line": 64, "column": 4 } },
        "type": "if",
        "locations": [
          { "start": { "line": 60, "column": 3 }, "end": { "line": 64, "column": 4 } },
          { "start": { "line": 62, "column": 10 }, "end": { "line": 64, "column": 4 } }
        ],
        "line": 60
      },
      "30": {
        "loc": { "start": { "line": 80, "column": 5 }, "end": { "line": 80, "column": 37 } },
        "type": "cond-expr",
        "locations": [
          { "start": { "line": 80, "column": 29 }, "end": { "line": 80, "column": 31 } },
          { "start": { "line": 80, "column": 34 }, "end": { "line": 80, "column": 37 } }
        ],
        "line": 80
      },
      "31": {
        "loc": { "start": { "line": 83, "column": 11 }, "end": { "line": 99, "column": 5 } },
        "type": "binary-expr",
        "locations": [
          { "start": { "line": 83, "column": 11 }, "end": { "line": 83, "column": 20 } },
          { "start": { "line": 83, "column": 40 }, "end": { "line": 99, "column": 5 } }
        ],
        "line": 83
      },
      "32": {
        "loc": { "start": { "line": 87, "column": 15 }, "end": { "line": 87, "column": 41 } },
        "type": "binary-expr",
        "locations": [
          { "start": { "line": 87, "column": 15 }, "end": { "line": 87, "column": 26 } },
          { "start": { "line": 87, "column": 30 }, "end": { "line": 87, "column": 41 } }
        ],
        "line": 87
      },
      "33": {
        "loc": { "start": { "line": 92, "column": 6 }, "end": { "line": 92, "column": 48 } },
        "type": "cond-expr",
        "locations": [
          { "start": { "line": 92, "column": 20 }, "end": { "line": 92, "column": 34 } },
          { "start": { "line": 92, "column": 37 }, "end": { "line": 92, "column": 48 } }
        ],
        "line": 92
      },
      "34": {
        "loc": { "start": { "line": 101, "column": 2 }, "end": { "line": 268, "column": 4 } },
        "type": "binary-expr",
        "locations": [
          { "start": { "line": 101, "column": 2 }, "end": { "line": 101, "column": 10 } },
          { "start": { "line": 101, "column": 30 }, "end": { "line": 268, "column": 4 } }
        ],
        "line": 101
      },
      "35": {
        "loc": { "start": { "line": 255, "column": 16 }, "end": { "line": 255, "column": 47 } },
        "type": "cond-expr",
        "locations": [
          { "start": { "line": 255, "column": 25 }, "end": { "line": 255, "column": 36 } },
          { "start": { "line": 255, "column": 39 }, "end": { "line": 255, "column": 47 } }
        ],
        "line": 255
      },
      "36": {
        "loc": { "start": { "line": 263, "column": 4 }, "end": { "line": 266, "column": 6 } },
        "type": "binary-expr",
        "locations": [
          { "start": { "line": 263, "column": 4 }, "end": { "line": 263, "column": 9 } },
          { "start": { "line": 263, "column": 29 }, "end": { "line": 266, "column": 6 } }
        ],
        "line": 263
      },
      "37": {
        "loc": { "start": { "line": 318, "column": 55 }, "end": { "line": 322, "column": 9 } },
        "type": "binary-expr",
        "locations": [
          { "start": { "line": 318, "column": 55 }, "end": { "line": 318, "column": 76 } },
          { "start": { "line": 318, "column": 96 }, "end": { "line": 322, "column": 9 } }
        ],
        "line": 318
      },
      "38": {
        "loc": { "start": { "line": 324, "column": 119 }, "end": { "line": 324, "column": 183 } },
        "type": "cond-expr",
        "locations": [
          { "start": { "line": 324, "column": 141 }, "end": { "line": 324, "column": 178 } },
          { "start": { "line": 324, "column": 181 }, "end": { "line": 324, "column": 183 } }
        ],
        "line": 324
      },
      "39": {
        "loc": { "start": { "line": 389, "column": 17 }, "end": { "line": 389, "column": 71 } },
        "type": "cond-expr",
        "locations": [
          { "start": { "line": 389, "column": 44 }, "end": { "line": 389, "column": 47 } },
          { "start": { "line": 389, "column": 50 }, "end": { "line": 389, "column": 71 } }
        ],
        "line": 389
      },
      "40": {
        "loc": { "start": { "line": 394, "column": 15 }, "end": { "line": 394, "column": 50 } },
        "type": "cond-expr",
        "locations": [
          { "start": { "line": 394, "column": 29 }, "end": { "line": 394, "column": 37 } },
          { "start": { "line": 394, "column": 40 }, "end": { "line": 394, "column": 50 } }
        ],
        "line": 394
      },
      "41": {
        "loc": { "start": { "line": 395, "column": 15 }, "end": { "line": 395, "column": 48 } },
        "type": "cond-expr",
        "locations": [
          { "start": { "line": 395, "column": 29 }, "end": { "line": 395, "column": 36 } },
          { "start": { "line": 395, "column": 39 }, "end": { "line": 395, "column": 48 } }
        ],
        "line": 395
      }
    },
    "s": {
      "0": 6,
      "1": 6,
      "2": 57,
      "3": 57,
      "4": 57,
      "5": 57,
      "6": 57,
      "7": 57,
      "8": 57,
      "9": 2,
      "10": 0,
      "11": 2,
      "12": 2,
      "13": 2,
      "14": 2,
      "15": 2,
      "16": 4,
      "17": 2,
      "18": 0,
      "19": 2,
      "20": 4,
      "21": 4,
      "22": 4,
      "23": 4,
      "24": 4,
      "25": 4,
      "26": 4,
      "27": 4,
      "28": 4,
      "29": 0,
      "30": 0,
      "31": 0,
      "32": 4,
      "33": 57,
      "34": 4,
      "35": 61,
      "36": 4,
      "37": 4,
      "38": 4,
      "39": 152,
      "40": 4,
      "41": 4,
      "42": 4,
      "43": 2,
      "44": 4,
      "45": 0,
      "46": 81,
      "47": 3,
      "48": 2,
      "49": 2,
      "50": 6,
      "51": 4,
      "52": 61,
      "53": 61,
      "54": 118,
      "55": 6,
      "56": 6,
      "57": 57,
      "58": 57,
      "59": 57,
      "60": 57,
      "61": 57,
      "62": 57,
      "63": 57,
      "64": 2,
      "65": 0,
      "66": 2,
      "67": 2,
      "68": 2,
      "69": 2,
      "70": 2,
      "71": 2,
      "72": 2,
      "73": 0,
      "74": 2,
      "75": 4,
      "76": 4,
      "77": 4,
      "78": 4,
      "79": 4,
      "80": 4,
      "81": 4,
      "82": 4,
      "83": 4,
      "84": 0,
      "85": 0,
      "86": 0,
      "87": 4,
      "88": 57,
      "89": 4,
      "90": 4,
      "91": 4,
      "92": 4,
      "93": 4,
      "94": 152,
      "95": 4,
      "96": 4,
      "97": 4,
      "98": 2,
      "99": 4,
      "100": 0,
      "101": 81,
      "102": 3,
      "103": 2,
      "104": 2,
      "105": 6
    },
    "f": {
      "0": 57,
      "1": 2,
      "2": 4,
      "3": 4,
      "4": 8,
      "5": 4,
      "6": 61,
      "7": 4,
      "8": 4,
      "9": 4,
      "10": 152,
      "11": 4,
      "12": 4,
      "13": 4,
      "14": 2,
      "15": 4,
      "16": 0,
      "17": 81,
      "18": 3,
      "19": 2,
      "20": 2,
      "21": 6,
      "22": 4,
      "23": 65,
      "24": 61,
      "25": 122,
      "26": 57,
      "27": 2,
      "28": 2,
      "29": 4,
      "30": 4,
      "31": 4,
      "32": 4,
      "33": 4,
      "34": 4,
      "35": 4,
      "36": 152,
      "37": 4,
      "38": 4,
      "39": 4,
      "40": 2,
      "41": 4,
      "42": 0,
      "43": 81,
      "44": 3,
      "45": 2,
      "46": 2,
      "47": 6
    },
    "b": {
      "0": [0],
      "1": [0, 0],
      "2": [0, 0],
      "3": [99, 72],
      "4": [57, 57],
      "5": [57, 9],
      "6": [2, 55],
      "7": [57],
      "8": [4, 34],
      "9": [38, 0],
      "10": [57, 0],
      "11": [9, 72],
      "12": [24, 57],
      "13": [81, 0],
      "14": [81, 0],
      "15": [0],
      "16": [79, 92],
      "17": [57],
      "18": [2],
      "19": [61],
      "20": [95],
      "21": [70],
      "22": [127],
      "23": [127],
      "24": [136, 149],
      "25": [61],
      "26": [152],
      "27": [0, 2],
      "28": [0, 0],
      "29": [0, 0],
      "30": [42, 15],
      "31": [57, 57],
      "32": [57, 9],
      "33": [2, 55],
      "34": [57, 38],
      "35": [4, 34],
      "36": [38, 0],
      "37": [57, 0],
      "38": [9, 72],
      "39": [24, 57],
      "40": [81, 0],
      "41": [81, 0]
    }
  }
}
